================================================================================
[2013-09-17 18:43:06]	SMS Send Report

Recipients:
-----------
Array
(
    [0] => 99979368
)
Message:
--------
17-09-2013

 T:19:00
 N:ΜΤΝ ΝΑΚΗΣ
 P:96868696
 F:1
 T:MATCH
---
 T:19:00
 N:ΡΙΟΝΕΛΟ
 P:99650405
 F:2
 T:MATCH
---
 T:19:00
 N:ΑΝΤΡΟΣ ΕΛΗΝΙΚΗ
 P:99582697
 F:3
 T:MATCH
---
 T:20:00
 N:ΤΣ 54
 P:99598881
 F:1
 T:MATCH
---
Report:
-------
Remaining Credits: 1096
Array
(
    [batchId] => 994987
    [status] => ok
    [error] => 
    [credits] => 2
)

================================================================================
[2013-09-18 15:11:55]	SMS Send Report

Recipients:
-----------
Array
(
    [0] => 99979368
)
Message:
--------
18-09-2013

 T:19:00
 N:ΜΤΝ
 P:96222315
 F:1
 T:MATCH
---
 T:19:00
 N:ΚΩΤΣΙΟΣ ΓΙΟΥΡΟΠΑΝΚ
 P:99477741
 F:2
 T:MATCH
---
 T:19:00
 N:ΓΙΟΥΡΟΠΑΝΚ
 P:99315719
 F:3
 T:MATCH
---
 T:20:00
 N:ΡΟΙΤΕΡ
 P:99169124
 F:2
 T:MATCH
---
Report:
-------
Remaining Credits: 1094
Array
(
    [batchId] => 995418
    [status] => ok
    [error] => 
    [credits] => 2
)

================================================================================
[2013-09-18 18:28:45]	SMS Send Report

Recipients:
-----------
Array
(
    [0] => 96626617
)
Message:
--------
18-09-2013

 T:19:00
 N:ΜΤΝ
 P:96222315
 F:1
 T:MATCH
---
 T:19:00
 N:ΚΩΤΣΙΟΣ ΓΙΟΥΡΟΠΑΝΚ
 P:99477741
 F:2
 T:MATCH
---
 T:19:00
 N:ΓΙΟΥΡΟΠΑΝΚ
 P:99315719
 F:3
 T:MATCH
---
 T:20:00
 N:ΡΟΙΤΕΡ
 P:99169124
 F:2
 T:MATCH
---
Report:
-------
Remaining Credits: 1092
Array
(
    [batchId] => 995645
    [status] => ok
    [error] => 
    [credits] => 2
)

================================================================================
[2013-09-18 18:32:14]	SMS Send Report

Recipients:
-----------
Array
(
    [0] => 96626617
)
Message:
--------
18-09-2013

 T:19:00
 N:ΜΤΝ
 P:96222315
 F:1
 T:MATCH
---
 T:19:00
 N:ΚΩΤΣΙΟΣ ΓΙΟΥΡΟΠΑΝΚ
 P:99477741
 F:2
 T:MATCH
---
 T:19:00
 N:ΓΙΟΥΡΟΠΑΝΚ
 P:99315719
 F:3
 T:MATCH
---
 T:20:00
 N:ΡΟΙΤΕΡ
 P:99169124
 F:2
 T:MATCH
---
Report:
-------
Remaining Credits: 1090
Array
(
    [batchId] => 995647
    [status] => ok
    [error] => 
    [credits] => 2
)

================================================================================
[2013-09-24 14:18:53]	SMS Send Report

Recipients:
-----------
Array
(
    [0] => 99979368
)
Message:
--------
24-09-2013

 T:19:00
 N:ΜΤΝ ΝΑΚΗΣ
 P:96868696
 F:1
 T:MATCH
---
 T:19:00
 N:ΡΙΟΝΕΛΟ
 P:99650405
 F:2
 T:MATCH
---
 T:20:00
 N:ΤΣ 54
 P:99598881
 F:1
 T:MATCH
---
 T:20:00
 N:violaris
 P:99644458
 F:3
 T:MATCH
---
Report:
-------
Remaining Credits: 1088
Array
(
    [batchId] => 998670
    [status] => ok
    [error] => 
    [credits] => 2
)

================================================================================
[2013-09-26 13:43:37]	SMS Send Report

Recipients:
-----------
Array
(
    [0] => 99979368
)
Message:
--------
26-09-2013

 T:19:00
 N:Κ ΠΑΥΛΙΔΗΣ
 P:99677853
 F:1
 T:MATCH_C
---
Report:
-------
Remaining Credits: 1086
Array
(
    [batchId] => 1000304
    [status] => ok
    [error] => 
    [credits] => 1
)

================================================================================
[2013-10-01 14:51:09]	SMS Send Report

Recipients:
-----------
Array
(
    [0] => 99979368
)
Message:
--------
01-10-2013

 T:19:00
 N:ΘΕΟΔΩΡΟΣ ΠΑΠΑΔΟΠΟΥΛΟΣ
 P:99132370
 F:2
 T:MATCH
---
 T:19:00
 N:ΒΙΟΛΑΡΗΣ
 P:99999999
 F:3
 T:MATCH
---
Report:
-------
Remaining Credits: 1085
Array
(
    [batchId] => 1002426
    [status] => ok
    [error] => 
    [credits] => 1
)

================================================================================
[2013-10-02 13:34:16]	SMS Send Report

Recipients:
-----------
Array
(
    [0] => 99979368
)
Message:
--------
02-10-2013

 T:19:00
 N:ΓΙΟΥΡΟΠΑΝΚ
 P:99315719
 F:1
 T:MATCH
---
Report:
-------
Remaining Credits: 1084
Array
(
    [batchId] => 1002938
    [status] => ok
    [error] => 
    [credits] => 1
)

================================================================================
[2013-10-09 12:51:39]	SMS Send Report

Recipients:
-----------
Array
(
    [0] => 99680453
)
Message:
--------
02-10-2013

19:00
ΓΙΟΥΡΟΠΑΝΚ (99315719)
1
MATCH
~~~~~

20:00
ροδοσ (99890630)
1
MATCH
~~~~~

Report:
-------
Remaining Credits: 1083
Array
(
    [batchId] => 
    [status] => error
    [error] => From must be 3 to 11 characters an can not contain only numbers
    [credits] => 0
)

================================================================================
[2013-10-09 12:54:00]	SMS Send Report

Recipients:
-----------
Array
(
    [0] => 99680453
)
Message:
--------
02-10-2013

19:00
ΓΙΟΥΡΟΠΑΝΚ (99315719)
1
MATCH
~~~~~

20:00
ροδοσ (99890630)
1
MATCH
~~~~~

Report:
-------
Remaining Credits: 1083
Array
(
    [batchId] => 1007797
    [status] => ok
    [error] => 
    [credits] => 1
)

================================================================================
[2013-10-09 17:47:41]	SMS Send Report

Recipients:
-----------
Array
(
    [0] => 99979368
)
Message:
--------
09-10-2013

19:00
ΓΙΟΥΡΟΠΑΝΚ (99315719)
1
MATCH
~~~~~

19:00
ΤΖΟΖΕΦ (99614946)
2
MATCH
~~~~~

20:00
ANΤΡΕΑΣ ΠΑΝΑΓΗ (99839919)
2
MATCH
~~~~~

20:00
ΜΤΝ (96222315)
3
MATCH
~~~~~

Report:
-------
Remaining Credits: 1082
Array
(
    [batchId] => 1008021
    [status] => ok
    [error] => 
    [credits] => 2
)

================================================================================
[2013-10-17 17:11:23]	SMS Send Report

Recipients:
-----------
Array
(
    [0] => 99520406
)
Message:
--------
17-10-2013

19:00
ΕΥΑΓΟΡΑΣ (99408686)
1
MATCH
~~~~~

19:00
ΓΙΑΝΝΗΗΣ (99425672)
2
MATCH
~~~~~

19:00
ΜΕΛΙΣΣΑΣ ΑΝΤΡΕΑΣ (99834293)
3
MATCH_C
~~~~~

20:00
ΜΑΡΙΟΣ ΣΑΒΑΣ (99606890)
1
MATCH_C
~~~~~

20:00
ΚΩΣΤΑΣ (99646932)
2
MATCH
~~~~~

20:00
ΦΩΤΙΣ ΝΑΤΣΙΚΑΣ (99849400)
3
MATCH_C
~~~~~

Report:
-------
Remaining Credits: 1080
Array
(
    [batchId] => 1013611
    [status] => ok
    [error] => 
    [credits] => 3
)

================================================================================
[2013-10-22 14:37:47]	SMS Send Report

Recipients:
-----------
Array
(
    [0] => 99979368
)
Message:
--------
22-10-2013

19:00
ΜΤΝ ΝΑΚΗΣ (96868696)
1
MATCH
~~~~~

19:00
ΑΝΤΡΟΣ ΕΛΗΝΙΚΗ (99582697)
3
CHALLENGE
~~~~~

20:00
ΤΣ 54 (99598881)
1
MATCH
~~~~~

20:00
ΦΡΙΞΟΣ ΒΡΥΩΝΙΔΗΣ (99918875)
2
MATCH
~~~~~

20:00
ΚΩΣΤΑΣ (99646932)
3
CHALLENGE
~~~~~

Report:
-------
Remaining Credits: 1077
Array
(
    [batchId] => 1016580
    [status] => ok
    [error] => 
    [credits] => 2
)

================================================================================
[2013-10-23 13:54:18]	SMS Send Report

Recipients:
-----------
Array
(
    [0] => 99979368
)
Message:
--------
23-10-2013

19:00
ΚΩΤΣΙΟΣ ΓΙΟΥΡΟΠΑΝΚ (99477741)
1
MATCH
~~~~~

19:00
xatzias (99979368)
3
MATCH_C
~~~~~

Report:
-------
Remaining Credits: 1075
Array
(
    [batchId] => 1019368
    [status] => ok
    [error] => 
    [credits] => 1
)

================================================================================
[2013-10-29 16:33:26]	SMS Send Report

Recipients:
-----------
Array
(
    [0] => 99979368
)
Message:
--------
29-10-2013

19:00
ΜΤΝ ΝΑΚΗΣ (96868696)
1
MATCH
~~~~~

19:00
ΑΝΤΡΟΣ ΕΛΗΝΙΚΗ (99582697)
3
CHALLENGE
~~~~~

20:00
xatzias (99979368)
1
CHALLENGE
~~~~~

21:00
ΚΩΣΤΑΣ ΑΖΟΙΔΗΣ (99446856)
1
MATCH
~~~~~

Report:
-------
Remaining Credits: 1074
Array
(
    [batchId] => 1027559
    [status] => ok
    [error] => 
    [credits] => 2
)

================================================================================
[2013-10-30 15:00:42]	SMS Send Report

Recipients:
-----------
Array
(
    [0] => 99979368
)
Message:
--------
30-10-2013

19:00
ΧΡΙΣΤΟΣ ΘΕΩΡΗ (99217575)
2
MATCH
~~~~~

19:00
ΚΩΤΣΙΟΣ ΓΙΟΥΡΟΠΑΝΚ (99947771)
3
MATCH
~~~~~

20:00
violaris (99644458)
1
MATCH
~~~~~

Report:
-------
Remaining Credits: 1072
Array
(
    [batchId] => 1029885
    [status] => ok
    [error] => 
    [credits] => 2
)

================================================================================
[2013-11-05 14:59:34]	SMS Send Report

Recipients:
-----------
Array
(
    [0] => 99979368
)
Message:
--------
05-11-2013

19:00
ΜΤΝ ΝΑΚΗΣ (96868696)
1
MATCH
~~~~~

20:00
ΤΣ 54 (99598881)
1
MATCH
~~~~~

20:00
Andreas Ioannides (99556351)
2
MATCH
~~~~~

Report:
-------
Remaining Credits: 1070
Array
(
    [batchId] => 1041486
    [status] => ok
    [error] => 
    [credits] => 1
)

================================================================================
[2013-11-12 16:06:21]	SMS Send Report

Recipients:
-----------
Array
(
    [0] => 99979368
)
Message:
--------
12-11-2013

18:00
ΑΝΤΡΟΣ ΕΛΗΝΙΚΗ (99582697)
1
MATCH
~~~~~

19:00
ΜΤΝ ΝΑΚΗΣ (96868696)
1
MATCH
~~~~~

20:00
ΤΣ 54 (99598881)
1
MATCH
~~~~~

Report:
-------
Remaining Credits: 1069
Array
(
    [batchId] => 1045561
    [status] => ok
    [error] => 
    [credits] => 1
)

================================================================================
[2013-11-19 14:34:31]	SMS Send Report

Recipients:
-----------
Array
(
    [0] => 99979368
)
Message:
--------
19-11-2013

19:00
ΜΤΝ ΝΑΚΗΣ (96868696)
1
MATCH
~~~~~

19:00
ΚΛΕΙΤΟΣ ΔΗΜΟΥ (99358217)
2
MATCH
~~~~~

19:00
ΤΣ 54 (99598881)
3
MATCH
~~~~~

Report:
-------
Remaining Credits: 1068
Array
(
    [batchId] => 1051129
    [status] => ok
    [error] => 
    [credits] => 1
)

================================================================================
[2013-11-20 15:43:05]	SMS Send Report

Recipients:
-----------
Array
(
    [0] => 99979368
)
Message:
--------
20-11-2013

19:00
ΕΞ ΚΩΣΤΑΝΤΙΝΟΣ (99889887)
1
MATCH_C
~~~~~

20:00
violaris (99644458)
1
MATCH
~~~~~

Report:
-------
Remaining Credits: 1067
Array
(
    [batchId] => 1054132
    [status] => ok
    [error] => 
    [credits] => 1
)

================================================================================
[2013-11-26 14:27:13]	SMS Send Report

Recipients:
-----------
Array
(
    [0] => 99979368
)
Message:
--------
26-11-2013

19:00
ΑΝΤΡΟΣ ΕΛΗΝΙΚΗ (99582697)
2
MATCH_C
~~~~~

19:00
ΜΤΝ ΝΑΚΗΣ (96868696)
3
MATCH
~~~~~

20:00
ΤΣ 54 (99598881)
1
MATCH
~~~~~

Report:
-------
Remaining Credits: 1066
Array
(
    [batchId] => 1059962
    [status] => ok
    [error] => 
    [credits] => 1
)

================================================================================
[2014-01-14 14:43:58]	SMS Send Report

Recipients:
-----------
Array
(
    [0] => 99979368
)
Message:
--------
14-01-2014

18:00
ΚΛΑΡΚ ΟΜΟΝΟΙΑ (99456256)
6
MATCH
~~~~~

19:00
ΜΤΝ ΝΑΚΗΣ (96868696)
1
MATCH
~~~~~

19:00
ΑΝΤΡΟΣ ΕΛΗΝΙΚΗ (99582697)
2
MATCH_C
~~~~~

19:00
ΘΕΟΔΩΡΟΣ (99556161)
3
MATCH
~~~~~

20:00
ΤΣ 54 (99598881)
1
MATCH
~~~~~

Report:
-------
Remaining Credits: 1065
Array
(
    [batchId] => 1170452
    [status] => ok
    [error] => 
    [credits] => 2
)

================================================================================
[2014-01-21 13:31:16]	SMS Send Report

Recipients:
-----------
Array
(
    [0] => 99979368
)
Message:
--------
21-01-2014

18:00
ΚΛΑΡΚ ΟΜΟΝΟΙΑ (99456256)
6
MATCH
~~~~~

19:00
ΜΤΝ ΝΑΚΗΣ (96868696)
1
MATCH
~~~~~

19:00
violaris (99644458)
2
MATCH
~~~~~

19:00
ΑΝΤΡΟΣ ΕΛΗΝΙΚΗ (99582697)
3
MATCH_C
~~~~~

20:00
Andreas Ioannides (99556351)
1
MATCH
~~~~~

20:00
ΤΣ 54 (99598881)
3
MATCH
~~~~~

Report:
-------
Remaining Credits: 1063
Array
(
    [batchId] => 1186006
    [status] => ok
    [error] => 
    [credits] => 3
)

================================================================================
[2014-01-24 14:42:43]	SMS Send Report

Recipients:
-----------
Array
(
    [0] => 99979369
)
Message:
--------
24-01-2014

18:00
ΚΛΑΡΚ ΟΜΟΝΟΙΑ (99456256)
6
MATCH
~~~~~

19:00
ΜΑΡΙΟΣ (99911795)
1
MATCH
~~~~~

19:00
ΘΕΟΔΩΡΟΣ ΝΕΟΣ (99926110)
2
MATCH
~~~~~

19:00
violaris (99644458)
3
MATCH_C
~~~~~

Report:
-------
Remaining Credits: 1060
Array
(
    [batchId] => 1191297
    [status] => ok
    [error] => 
    [credits] => 2
)

================================================================================
[2014-03-04 17:12:34]	SMS Send Report

Recipients:
-----------
Array
(
    [0] => 99979368
)
Message:
--------
04-03-2014

19:00
ΑΝΤΡΟΣ ΕΛΗΝΙΚΗ (99582697)
1
MATCH_C
~~~~~

19:00
ΦΡΙΞΟΣ ΒΡΥΩΝΙΔΗΣ (99918875)
2
MATCH
~~~~~

Report:
-------
Remaining Credits: 1058
Array
(
    [batchId] => 1251385
    [status] => ok
    [error] => 
    [credits] => 1
)

================================================================================
[2014-03-07 15:58:23]	SMS Send Report

Recipients:
-----------
Array
(
    [0] => 99979368
)
Message:
--------
07-03-2014

19:00
&Mu;&Alpha;&Rho;&Iota;&Omicron;&Sigma; 8 (96535084)
1
MATCH_C
~~~~~

19:00
ΜΑΡΙΟΣ (99911795)
2
MATCH
~~~~~

19:00
ΓΙΑΝΟΣ (99819232)
3
MATCH
~~~~~

20:00
ΣΒΕΤΛΙΝ (99677261)
1
MATCH
~~~~~

20:00
Andreas Ioannides (99556351)
3
MATCH
~~~~~

Report:
-------
Remaining Credits: 1057
Array
(
    [batchId] => 1264572
    [status] => ok
    [error] => 
    [credits] => 2
)

================================================================================
[2014-03-13 17:01:24]	SMS Send Report

Recipients:
-----------
Array
(
    [0] => 99979368
)
Message:
--------
13-03-2014

19:00
ΧΡΙΣΤΟΣ ΠΑΠΑΙΩΑΝΝΟΥ (99643497)
1
MATCH
~~~~~

19:00
ΚΩΣΤΑΝΤΙΝΟΣ (99918431)
3
MATCH
~~~~~

20:00
violaris (99644458)
1
MATCH_C
~~~~~

20:00
Andreas Ioannides (99556351)
2
MATCH
~~~~~

Report:
-------
Remaining Credits: 1055
Array
(
    [batchId] => 1291225
    [status] => ok
    [error] => 
    [credits] => 2
)

================================================================================
[2014-03-20 14:46:18]	SMS Send Report

Recipients:
-----------
Array
(
    [0] => 99979368
)
Message:
--------
20-03-2014

19:00
ΧΡΙΣΤΟΣ ΠΑΠΑΙΩΑΝΝΟΥ (99643497)
1
MATCH
~~~~~

19:00
ΜΑΡΙΟΣ ΕΘΕ (96696750)
2
MATCH
~~~~~

20:00
ΣΤΕΛΙΟΣ (99666334)
1
CHALLENGE
~~~~~

22:00
ΣΑΒΒΑΣ (99899093)
1
MATCH
~~~~~

Report:
-------
Remaining Credits: 1053
Array
(
    [batchId] => 1308912
    [status] => ok
    [error] => 
    [credits] => 2
)

================================================================================
[2014-03-27 16:52:24]	SMS Send Report

Recipients:
-----------
Array
(
    [0] => 99979368
)
Message:
--------
27-03-2014

19:00
ΓΙΩΡΓΟΣ (99556199)
1
MATCH
~~~~~

20:00
ΜΑΡΙΟΣ ΣΑΒΑΣ (99606890)
1
MATCH
~~~~~

20:00
violaris (99644458)
3
MATCH
~~~~~

Report:
-------
Remaining Credits: 1051
Array
(
    [batchId] => 1327121
    [status] => ok
    [error] => 
    [credits] => 1
)

================================================================================
[2014-04-03 15:40:47]	SMS Send Report

Recipients:
-----------
Array
(
    [0] => 99979368
)
Message:
--------
03-04-2014

19:00
παμποσ (99581101)
2
MATCH_C
~~~~~

20:00
ΚΩΣΤΑΝΤΙΝΟΣ ΣΩΤΗΡΙΟΥ (99772421)
3
MATCH
~~~~~

Report:
-------
Remaining Credits: 1050
Array
(
    [batchId] => 1339065
    [status] => ok
    [error] => 
    [credits] => 1
)

================================================================================
[2014-04-03 18:23:08]	SMS Send Report

Recipients:
-----------
Array
(
    [0] => 99979368
)
Message:
--------
03-04-2014

19:00
ΚΩΣΤΑΝΤΙΝΟΣ (99918431)
2
MATCH
~~~~~

19:00
παμποσ (99581101)
3
MATCH
~~~~~

20:00
ΚΩΣΤΑΝΤΙΝΟΣ ΣΩΤΗΡΙΟΥ (99772421)
3
MATCH
~~~~~

Report:
-------
Remaining Credits: 1049
Array
(
    [batchId] => 1339365
    [status] => ok
    [error] => 
    [credits] => 2
)

================================================================================
[2014-04-08 16:46:48]	SMS Send Report

Recipients:
-----------
Array
(
    [0] => 99979368
)
Message:
--------
08-04-2014

19:00
ΜΤΝ ΝΑΚΗΣ (96868696)
1
MATCH
~~~~~

19:00
ΣΤΕΛΙΟΣ (96222368)
2
MATCH_C
~~~~~

19:00
ΑΝΤΡΟΣ ΕΛΗΝΙΚΗ (99582697)
3
MATCH
~~~~~

20:00
ΜΑΡΙΟΣ ΕΘΕ (96696750)
2
MATCH_C
~~~~~

Report:
-------
Remaining Credits: 1047
Array
(
    [batchId] => 1350352
    [status] => ok
    [error] => 
    [credits] => 2
)

================================================================================
[2014-04-08 18:03:50]	SMS Send Report

Recipients:
-----------
Array
(
    [0] => 99979368
)
Message:
--------
08-04-2014

19:00
ΜΤΝ ΝΑΚΗΣ (96868696)
1
MATCH
~~~~~

19:00
ΑΝΤΡΟΣ ΕΛΗΝΙΚΗ (99582697)
3
MATCH
~~~~~

20:00
ΜΑΡΙΟΣ ΕΘΕ (96696750)
2
MATCH_C
~~~~~

Report:
-------
Remaining Credits: 1045
Array
(
    [batchId] => 1350500
    [status] => ok
    [error] => 
    [credits] => 1
)

================================================================================
[2014-04-09 18:24:09]	SMS Send Report

Recipients:
-----------
Array
(
    [0] => 99979368
)
Message:
--------
09-04-2014

19:00
Νικολας (99334266)
1
MATCH
~~~~~

Report:
-------
Remaining Credits: 1044
Array
(
    [batchId] => 1357706
    [status] => ok
    [error] => 
    [credits] => 1
)

================================================================================
[2014-04-10 14:40:03]	SMS Send Report

Recipients:
-----------
Array
(
    [0] => 99979368
)
Message:
--------
10-04-2014

19:00
ΜΑΡΙΟΣ ΕΘΕ (96696750)
1
MATCH_C
~~~~~

20:00
ΛΑΥΡΕΝΤΗΣ (99478348)
1
MATCH
~~~~~

20:00
Andreas Ioannides (99556351)
2
MATCH
~~~~~

Report:
-------
Remaining Credits: 1043
Array
(
    [batchId] => 1359793
    [status] => ok
    [error] => 
    [credits] => 2
)

================================================================================
[2014-04-15 15:44:57]	SMS Send Report

Recipients:
-----------
Array
(
    [0] => 99979369
)
Message:
--------
15-04-2014

19:00
ΑΝΤΡΟΣ ΕΛΗΝΙΚΗ (99582697)
1
MATCH_C
~~~~~

19:00
ΜΤΝ ΝΑΚΗΣ (96868696)
2
MATCH
~~~~~

19:00
ΑΝΤΡΕΑΣ ΜΙΧΑΗΛ (99545900)
3
MATCH
~~~~~

20:00
ΓΙΑΝΟΣ (99819232)
1
MATCH
~~~~~

Report:
-------
Remaining Credits: 1041
Array
(
    [batchId] => 1373154
    [status] => ok
    [error] => 
    [credits] => 2
)

================================================================================
[2014-04-24 15:54:54]	SMS Send Report

Recipients:
-----------
Array
(
    [0] => 99979368
)
Message:
--------
24-04-2014

19:00
ΧΡΙΣΤΟΣ ΠΑΠΑΙΩΑΝΝΟΥ (99643497)
2
MATCH
~~~~~

20:00
Andreas Ioannides (99556351)
1
MATCH
~~~~~

20:00
violaris (99644458)
3
MATCH
~~~~~

Report:
-------
Remaining Credits: 1039
Array
(
    [batchId] => 1398638
    [status] => ok
    [error] => 
    [credits] => 2
)

================================================================================
[2014-04-24 15:55:03]	SMS Send Report

Recipients:
-----------
Array
(
    [0] => 99979368
)
Message:
--------
24-04-2014

19:00
ΧΡΙΣΤΟΣ ΠΑΠΑΙΩΑΝΝΟΥ (99643497)
2
MATCH
~~~~~

20:00
Andreas Ioannides (99556351)
1
MATCH
~~~~~

20:00
violaris (99644458)
3
MATCH
~~~~~

Report:
-------
Remaining Credits: 1037
Array
(
    [batchId] => 1398640
    [status] => ok
    [error] => 
    [credits] => 2
)

================================================================================
[2014-04-29 19:15:12]	SMS Send Report

Recipients:
-----------
Array
(
    [0] => 99979368
)
Message:
--------
29-04-2014

19:00
ΦΡΙΞΟΣ ΒΡΥΩΝΙΔΗΣ (99918875)
1
MATCH
~~~~~

19:00
ΑΝΤΡΟΣ ΕΛΗΝΙΚΗ (99582697)
3
CHALLENGE
~~~~~

20:00
ΠΑΥΛΟΣ (99366023)
2
MATCH
~~~~~

Report:
-------
Remaining Credits: 1035
Array
(
    [batchId] => 1412408
    [status] => ok
    [error] => 
    [credits] => 2
)

================================================================================
[2014-05-02 19:46:10]	SMS Send Report

Recipients:
-----------
Array
(
    [0] => 99554105
)
Message:
--------
02-05-2014

19:00
&Mu;&Alpha;&Rho;&Iota;&Omicron;&Sigma; 8 (96535084)
2
MATCH
~~~~~

Report:
-------
Remaining Credits: 1033
Array
(
    [batchId] => 1429437
    [status] => ok
    [error] => 
    [credits] => 1
)

================================================================================
[2014-05-02 19:48:30]	SMS Send Report

Recipients:
-----------
Array
(
    [0] => 99554105
)
Message:
--------
02-05-2014

19:00
&Mu;&Alpha;&Rho;&Iota;&Omicron;&Sigma; 8 (96535084)
2
MATCH
~~~~~

20:00
violaris (99644458)
1
MATCH
~~~~~

20:00
violaris (99644458)
3
MATCH
~~~~~

Report:
-------
Remaining Credits: 1032
Array
(
    [batchId] => 1429443
    [status] => ok
    [error] => 
    [credits] => 2
)

================================================================================
[2014-05-02 19:50:55]	SMS Send Report

Recipients:
-----------
Array
(
    [0] => 99890630
)
Message:
--------
02-05-2014

19:00
&Mu;&Alpha;&Rho;&Iota;&Omicron;&Sigma; 8 (96535084)
2
MATCH
~~~~~

20:00
violaris (99644458)
1
MATCH
~~~~~

20:00
violaris (99644458)
3
MATCH
~~~~~

Report:
-------
Remaining Credits: 1030
Array
(
    [batchId] => 1429445
    [status] => ok
    [error] => 
    [credits] => 2
)

================================================================================
[2014-05-04 23:22:06]	SMS Send Report

Recipients:
-----------
Array
(
    [0] => 99890630
)
Message:
--------
04-05-2014

19:00
ΡΙΟΝΕΛΟ (99650405)
1
MATCH
~~~~~

20:00
ΔΗΜΗΤΡΗΣ 7 30 (99860165)
2
MATCH
~~~~~

Report:
-------
Remaining Credits: 1028
Array
(
    [batchId] => 1431588
    [status] => ok
    [error] => 
    [credits] => 1
)

================================================================================
[2014-05-06 16:14:53]	SMS Send Report

Recipients:
-----------
Array
(
    [0] => 99554105
)
Message:
--------
06-05-2014

20:00
ΤΣ 54 (99598881)
1
MATCH
~~~~~

20:00
ΓΙΩΡΓΟΣ ΑΝΤΡΕΑ ΠΑΝΑΓΗ (99101081)
2
MATCH
~~~~~

Report:
-------
Remaining Credits: 1027
Array
(
    [batchId] => 1438802
    [status] => ok
    [error] => 
    [credits] => 1
)

================================================================================
[2014-05-06 16:15:21]	SMS Send Report

Recipients:
-----------
Array
(
    [0] => 99554105
)
Message:
--------
06-05-2014

20:00
ΤΣ 54 (99598881)
1
MATCH
~~~~~

20:00
ΓΙΩΡΓΟΣ ΑΝΤΡΕΑ ΠΑΝΑΓΗ (99101081)
2
MATCH
~~~~~

Report:
-------
Remaining Credits: 1026
Array
(
    [batchId] => 1438804
    [status] => ok
    [error] => 
    [credits] => 1
)

================================================================================
[2014-05-06 16:16:49]	SMS Send Report

Recipients:
-----------
Array
(
    [0] => 99554105
)
Message:
--------
06-05-2014

20:00
ΤΣ 54 (99598881)
1
MATCH
~~~~~

20:00
ΓΙΩΡΓΟΣ ΑΝΤΡΕΑ ΠΑΝΑΓΗ (99101081)
2
MATCH
~~~~~

Report:
-------
Remaining Credits: 1025
Array
(
    [batchId] => 1438814
    [status] => ok
    [error] => 
    [credits] => 1
)

================================================================================
[2014-05-06 16:17:16]	SMS Send Report

Recipients:
-----------
Array
(
    [0] => 99890630
)
Message:
--------
06-05-2014

20:00
ΤΣ 54 (99598881)
1
MATCH
~~~~~

20:00
ΓΙΩΡΓΟΣ ΑΝΤΡΕΑ ΠΑΝΑΓΗ (99101081)
2
MATCH
~~~~~

Report:
-------
Remaining Credits: 1024
Array
(
    [batchId] => 1438816
    [status] => ok
    [error] => 
    [credits] => 1
)

================================================================================
[2014-05-07 16:31:54]	SMS Send Report

Recipients:
-----------
Array
(
    [0] => 99554105
)
Message:
--------
07-05-2014

21:00
ΜΑΡΙΟΣ (99790847)
1
MATCH
~~~~~

Report:
-------
Remaining Credits: 1023
Array
(
    [batchId] => 1442086
    [status] => ok
    [error] => 
    [credits] => 1
)

================================================================================
[2014-05-07 16:33:25]	SMS Send Report

Recipients:
-----------
Array
(
    [0] => 99554105
)
Message:
--------
07-05-2014

21:00
ΜΑΡΙΟΣ (99790847)
1
MATCH
~~~~~

Report:
-------
Remaining Credits: 1022
Array
(
    [batchId] => 1442096
    [status] => ok
    [error] => 
    [credits] => 1
)

================================================================================
[2014-05-07 16:34:34]	SMS Send Report

Recipients:
-----------
Array
(
    [0] => 99890630
)
Message:
--------
07-05-2014

21:00
ΜΑΡΙΟΣ (99790847)
1
MATCH
~~~~~

Report:
-------
Remaining Credits: 1021
Array
(
    [batchId] => 1442099
    [status] => ok
    [error] => 
    [credits] => 1
)

================================================================================
[2014-05-07 19:45:32]	SMS Send Report

Recipients:
-----------
Array
(
    [0] => 99979368
)
Message:
--------
07-05-2014

21:00
ΜΑΡΙΟΣ (99790847)
1
MATCH
~~~~~

Report:
-------
Remaining Credits: 1020
Array
(
    [batchId] => 1443071
    [status] => ok
    [error] => 
    [credits] => 1
)

================================================================================
[2014-05-12 17:21:56]	SMS Send Report

Recipients:
-----------
Array
(
    [0] => 99174208
)
Message:
--------
12-05-2014

19:00
ΡΙΟΝΕΛΟ (99650405)
1
MATCH
~~~~~

19:00
ΧΑΡΗΣ Φ ΣΤΕΛΙΟΥ (99581944)
2
MATCH
~~~~~

19:30
ΔΗΜΗΤΡΗΣ 7 30 (99860165)
3
MATCH
~~~~~

20:00
ΡΕΝΟΣ ΚΟΥΡΕΑΣ (99805060)
1
MATCH_C
~~~~~

20:00
ΝΙΚΟΣ (99554105)
2
MATCH_C
~~~~~

21:00
ΕΡΝΕΣΤΟ (96490847)
1
MATCH
~~~~~

Report:
-------
Remaining Credits: 1019
Array
(
    [batchId] => 1462148
    [status] => ok
    [error] => 
    [credits] => 2
)

================================================================================
[2014-05-15 13:36:40]	SMS Send Report

Recipients:
-----------
Array
(
    [0] => 99239194
)
Message:
--------
15-05-2014

19:00
ΧΡΙΣΤΟΣ ΠΑΠΑΙΩΑΝΝΟΥ (99643497)
1
MATCH
~~~~~

19:00
ΧΑΤΣΙΑΣ ΓΙΩΡΓΟΣ (97644715)
2
CHALLENGE
~~~~~

20:00
ΜΑΡΙΟΣ ΣΑΒΑΣ (99606890)
1
MATCH
~~~~~

20:00
παμποσ (99581101)
3
MATCH_C
~~~~~

21:00
ΛΑΖΑΡΟΣ ΠΕΜΠΤΗ 9 (99872658)
2
MATCH
~~~~~

Report:
-------
Remaining Credits: 1017
Array
(
    [batchId] => 1471436
    [status] => ok
    [error] => 
    [credits] => 2
)

================================================================================
[2014-05-15 13:37:59]	SMS Send Report

Recipients:
-----------
Array
(
    [0] => 99890630
)
Message:
--------
15-05-2014

19:00
ΧΡΙΣΤΟΣ ΠΑΠΑΙΩΑΝΝΟΥ (99643497)
1
MATCH
~~~~~

19:00
ΧΑΤΣΙΑΣ ΓΙΩΡΓΟΣ (97644715)
2
CHALLENGE
~~~~~

20:00
ΜΑΡΙΟΣ ΣΑΒΑΣ (99606890)
1
MATCH
~~~~~

20:00
παμποσ (99581101)
3
MATCH_C
~~~~~

21:00
ΛΑΖΑΡΟΣ ΠΕΜΠΤΗ 9 (99872658)
2
MATCH
~~~~~

Report:
-------
Remaining Credits: 1015
Array
(
    [batchId] => 1471440
    [status] => ok
    [error] => 
    [credits] => 2
)

================================================================================
[2014-05-15 16:39:23]	SMS Send Report

Recipients:
-----------
Array
(
    [0] => 99890630
)
Message:
--------
15-05-2014

18:00
ΣΤΕΛΙΟΣ ΤΣΙΚΟΣ (99323432)
2
MATCH
~~~~~

19:00
ΧΡΙΣΤΟΣ ΠΑΠΑΙΩΑΝΝΟΥ (99643497)
1
MATCH
~~~~~

19:00
ΚΩΣΤΑΝΤΙΝΟΣ (99918431)
3
MATCH
~~~~~

20:00
ΜΑΡΙΟΣ ΣΑΒΑΣ (99606890)
1
MATCH
~~~~~

20:00
ΓΙΑΝΟΣ (99819232)
2
MATCH
~~~~~

20:00
παμποσ (99581101)
3
MATCH_C
~~~~~

21:00
ΝΙΚΟΣ (99554105)
1
MATCH
~~~~~

21:00
ΛΑΖΑΡΟΣ ΠΕΜΠΤΗ 9 (99872658)
2
MATCH
~~~~~

Report:
-------
Remaining Credits: 1013
Array
(
    [batchId] => 1471972
    [status] => ok
    [error] => 
    [credits] => 3
)

================================================================================
[2014-05-15 17:23:12]	SMS Send Report

Recipients:
-----------
Array
(
    [0] => 99239194
)
Message:
--------
15-05-2014

18:00
ΣΤΕΛΙΟΣ ΤΣΙΚΟΣ (99323432)
2
MATCH
~~~~~

19:00
ΧΡΙΣΤΟΣ ΠΑΠΑΙΩΑΝΝΟΥ (99643497)
1
MATCH
~~~~~

19:00
ΚΩΣΤΑΝΤΙΝΟΣ (99918431)
3
MATCH
~~~~~

20:00
ΜΑΡΙΟΣ ΣΑΒΑΣ (99606890)
1
MATCH
~~~~~

20:00
ΓΙΑΝΟΣ (99819232)
2
MATCH
~~~~~

20:00
παμποσ (99581101)
3
MATCH_C
~~~~~

21:00
ΝΙΚΟΣ (99554105)
1
MATCH
~~~~~

Report:
-------
Remaining Credits: 1010
Array
(
    [batchId] => 1472140
    [status] => ok
    [error] => 
    [credits] => 3
)

================================================================================
[2014-05-19 16:00:44]	SMS Send Report

Recipients:
-----------
Array
(
    [0] => 99239194
)
Message:
--------
19-05-2014

19:00
ΡΙΟΝΕΛΟ (99650405)
1
MATCH
~~~~~

20:00
ΦΡΙΞΟΣ ΒΡΥΩΝΙΔΗΣ (99918875)
1
MATCH
~~~~~

20:00
ΡΕΝΟΣ ΚΟΥΡΕΑΣ (99805060)
2
MATCH_C
~~~~~

Report:
-------
Remaining Credits: 1007
Array
(
    [batchId] => 1488669
    [status] => ok
    [error] => 
    [credits] => 2
)

================================================================================
[2014-05-20 14:17:49]	SMS Send Report

Recipients:
-----------
Array
(
    [0] => 99239194
)
Message:
--------
20-05-2014

19:00
ΠΑΜΠΟΣ ΑΣΤΥΝΟΜΙΚΟΣ ΙΝΚΛΙΣ (99495322)
1
MATCH
~~~~~

19:00
ΑΝΤΡΟΣ ΕΛΗΝΙΚΗ (99582697)
2
MATCH_C
~~~~~

19:00
ΠΕΤΡΟΣ ΜΙΛΤΙΑΔΟΥΣ (99346919)
3
MATCH
~~~~~

20:00
ΤΣ 54 (99598881)
1
MATCH
~~~~~

20:00
ΑΡΙΣΤΙΔΟΥ ΝΙΚΟΣ (96671314)
2
MATCH_C
~~~~~

20:00
ΧΑΡΗΣ (99872664)
3
MATCH
~~~~~

21:00
ΝΙΚΟΣ (99554105)
1
MATCH
~~~~~

21:00
Antreas Kappais (99990755)
3
CHALLENGE
~~~~~

Report:
-------
Remaining Credits: 1005
Array
(
    [batchId] => 1491675
    [status] => ok
    [error] => 
    [credits] => 3
)

================================================================================
[2014-05-27 15:50:19]	SMS Send Report

Recipients:
-----------
Array
(
    [0] => 99239194
)
Message:
--------
27-05-2014

19:00
ΠΕΤΡΟΣ ΜΙΛΤΙΑΔΟΥΣ (99346919)
1
MATCH
~~~~~

19:00
ΜΤΝ ΝΑΚΗΣ (96868696)
2
MATCH
~~~~~

19:00
ΑΝΤΡΟΣ ΕΛΗΝΙΚΗ (99582697)
3
MATCH_C
~~~~~

20:00
ΠΑΝΑΓΙΩΤΗΣ ΝΕΟΣ (99330416)
1
MATCH_C
~~~~~

20:00
ΠΕΡΙΚΛΗΣ (99333819)
2
CHALLENGE
~~~~~

Report:
-------
Remaining Credits: 1002
Array
(
    [batchId] => 1512844
    [status] => ok
    [error] => 
    [credits] => 2
)

================================================================================
[2014-05-28 17:50:48]	SMS Send Report

Recipients:
-----------
Array
(
    [0] => 99239194
)
Message:
--------
28-05-2014

19:00
ΔΗΜΗΤΡΗΣ 7 30 (99860165)
2
MATCH
~~~~~

20:00
ΚΩΣΤΑΣ (99646932)
2
MATCH
~~~~~

Report:
-------
Remaining Credits: 1000
Array
(
    [batchId] => 1517791
    [status] => ok
    [error] => 
    [credits] => 1
)

================================================================================
[2014-05-29 16:29:59]	SMS Send Report

Recipients:
-----------
Array
(
    [0] => 99239194
)
Message:
--------
29-05-2014

19:00
ΧΡΙΣΤΟΣ ΠΑΠΑΙΩΑΝΝΟΥ (99643497)
1
MATCH
~~~~~

20:00
ΠΕΡΙΚΛΗΣ (99333819)
1
MATCH_C
~~~~~

20:00
ΛΕΥΤΕΡΗΣ (99408821)
2
MATCH_C
~~~~~

Report:
-------
Remaining Credits: 999
Array
(
    [batchId] => 1520698
    [status] => ok
    [error] => 
    [credits] => 2
)

================================================================================
[2014-05-29 16:31:17]	SMS Send Report

Recipients:
-----------
Array
(
    [0] => 99239194
)
Message:
--------
29-05-2014

19:00
ΧΡΙΣΤΟΣ ΠΑΠΑΙΩΑΝΝΟΥ (99643497)
1
MATCH
~~~~~

20:00
ΠΕΡΙΚΛΗΣ (99333819)
1
MATCH_C
~~~~~

20:00
ΛΕΥΤΕΡΗΣ (99408821)
2
MATCH_C
~~~~~

Report:
-------
Remaining Credits: 997
Array
(
    [batchId] => 1520703
    [status] => ok
    [error] => 
    [credits] => 2
)

================================================================================
[2014-05-30 16:54:37]	SMS Send Report

Recipients:
-----------
Array
(
    [0] => 99239194
)
Message:
--------
30-05-2014

19:00
ΓΙΑΝΟΣ (99819232)
1
MATCH
~~~~~

20:00
ΣΤΕΛΙΟΣ (99666334)
1
MATCH
~~~~~

21:00
ΝΙΚΟΣ (99554105)
1
MATCH
~~~~~

Report:
-------
Remaining Credits: 995
Array
(
    [batchId] => 1525833
    [status] => ok
    [error] => 
    [credits] => 1
)

================================================================================
[2014-06-01 16:02:19]	SMS Send Report

Recipients:
-----------
Array
(
    [0] => 99174208
)
Message:
--------
01-06-2014

20:00
ΔΗΜΗΤΡΗΣ ΤΣΟΛΑΚΙΔΗΣ (99754824)
1
MATCH
~~~~~

Report:
-------
Remaining Credits: 994
Array
(
    [batchId] => 1528612
    [status] => ok
    [error] => 
    [credits] => 1
)

================================================================================
[2014-06-02 16:28:17]	SMS Send Report

Recipients:
-----------
Array
(
    [0] => 99239194
)
Message:
--------
02-06-2014

18:00
ΕΜΜΑΝΟΥΗΛ (96402080)
1
MATCH
~~~~~

19:00
ΚΩΣΤΑΝΤΙΝΟΣ (99918431)
1
MATCH
~~~~~

19:00
ΧΑΡΗΣ Φ ΣΤΕΛΙΟΥ (99581944)
2
MATCH
~~~~~

20:00
ΡΕΝΟΣ ΚΟΥΡΕΑΣ (99805060)
1
MATCH_C
~~~~~

20:00
ΓΙΑΝΝΗΣ (99742888)
2
MATCH_C
~~~~~

20:00
ΡΙΟΝΕΛΟ (99650405)
3
MATCH
~~~~~

Report:
-------
Remaining Credits: 993
Array
(
    [batchId] => 1532035
    [status] => ok
    [error] => 
    [credits] => 2
)

================================================================================
[2014-06-18 18:08:18]	SMS Send Report

Recipients:
-----------
Array
(
    [0] => 99239194
)
Message:
--------
18-06-2014

19:00
ΓΙΑΝΟΣ (99819232)
2
MATCH
~~~~~

20:00
ΝΙΚΟΣ (99554105)
1
MATCH_C
~~~~~

20:00
ΔΗΜΗΤΡΗΣ 7 30 (99860165)
2
MATCH
~~~~~

20:30
ΔΗΜΗΤΡΗΣ (99897937)
3
MATCH
~~~~~

Report:
-------
Remaining Credits: 991
Array
(
    [batchId] => 1577101
    [status] => ok
    [error] => 
    [credits] => 2
)

================================================================================
[2014-06-19 16:24:47]	SMS Send Report

Recipients:
-----------
Array
(
    [0] => 99239194
)
Message:
--------
19-06-2014

19:00
ΧΡΙΣΤΟΣ ΠΑΠΑΙΩΑΝΝΟΥ (99643497)
1
MATCH
~~~~~

19:00
xatzias (99979368)
2
MATCH
~~~~~

19:00
ΚΩΤΣΙΟΣ ΓΙΟΥΡΟΠΑΝΚ (99947771)
3
MATCH
~~~~~

20:00
ΚΩΣΤΑΝΤΙΝΟΣ ΣΩΤΗΡΙΟΥ (99772421)
1
CHALLENGE
~~~~~

20:00
ΚΥΠΡΟΣ (99825526)
2
MATCH
~~~~~

21:00
ΠΕΡΙΚΛΗΣ (99333819)
1
MATCH
~~~~~

Report:
-------
Remaining Credits: 989
Array
(
    [batchId] => 1578840
    [status] => ok
    [error] => 
    [credits] => 3
)

================================================================================
[2014-06-23 15:17:41]	SMS Send Report

Recipients:
-----------
Array
(
    [0] => 99239194
)
Message:
--------
23-06-2014

19:00
ΧΑΡΗΣ Φ ΣΤΕΛΙΟΥ (99581944)
1
CHALLENGE
~~~~~

20:00
ΚΩΣΤΑΝΤΙΝΟΣ ΣΩΤΗΡΙΟΥ (99772421)
1
CHALLENGE
~~~~~

20:00
ΡΙΟΝΕΛΟ (99650405)
3
MATCH
~~~~~

Report:
-------
Remaining Credits: 986
Array
(
    [batchId] => 1594080
    [status] => ok
    [error] => 
    [credits] => 2
)

================================================================================
[2014-06-23 15:47:30]	SMS Send Report

Recipients:
-----------
Array
(
    [0] => 99239194
)
Message:
--------
23-06-2014

19:30
ΚΩΣΤΑΝΤΙΝΟΣ ΣΩΤΗΡΙΟΥ (99772421)
1
MATCH_C
~~~~~

20:00
ΡΙΟΝΕΛΟ (99650405)
3
MATCH
~~~~~

Report:
-------
Remaining Credits: 984
Array
(
    [batchId] => 1594130
    [status] => ok
    [error] => 
    [credits] => 1
)

================================================================================
[2014-06-23 18:14:50]	SMS Send Report

Recipients:
-----------
Array
(
    [0] => 99239194
)
Message:
--------
23-06-2014

19:30
ΚΩΣΤΑΝΤΙΝΟΣ ΣΩΤΗΡΙΟΥ (99772421)
1
MATCH_C
~~~~~

20:00
ΡΙΟΝΕΛΟ (99650405)
3
MATCH
~~~~~

21:00
ΠΕΡΙΚΛΗΣ (99333819)
1
MATCH
~~~~~

Report:
-------
Remaining Credits: 983
Array
(
    [batchId] => 1594417
    [status] => ok
    [error] => 
    [credits] => 2
)

================================================================================
[2014-06-23 18:15:04]	SMS Send Report

Recipients:
-----------
Array
(
    [0] => 99239194
)
Message:
--------
23-06-2014

19:30
ΚΩΣΤΑΝΤΙΝΟΣ ΣΩΤΗΡΙΟΥ (99772421)
1
MATCH_C
~~~~~

20:00
ΡΙΟΝΕΛΟ (99650405)
3
MATCH
~~~~~

21:00
ΠΕΡΙΚΛΗΣ (99333819)
1
MATCH
~~~~~

Report:
-------
Remaining Credits: 981
Array
(
    [batchId] => 1594418
    [status] => ok
    [error] => 
    [credits] => 2
)

================================================================================
[2014-06-24 14:55:08]	SMS Send Report

Recipients:
-----------
Array
(
    [0] => 99239194
)
Message:
--------
24-06-2014

19:00
THE BIG BOSS (99920328)
2
MATCH
~~~~~

19:00
ΑΝΤΡΟΣ ΕΛΗΝΙΚΗ (99582697)
3
CHALLENGE
~~~~~

20:00
ΤΣ 54 (99598881)
1
MATCH
~~~~~

Report:
-------
Remaining Credits: 979
Array
(
    [batchId] => 1596139
    [status] => ok
    [error] => 
    [credits] => 1
)

================================================================================
[2014-06-24 18:25:56]	SMS Send Report

Recipients:
-----------
Array
(
    [0] => 99239194
)
Message:
--------
24-06-2014

19:00
ΑΝΤΡΟΣ ΕΛΗΝΙΚΗ (99582697)
1
MATCH_C
~~~~~

19:00
THE BIG BOSS (99920328)
2
MATCH
~~~~~

20:00
ΤΣ 54 (99598881)
1
MATCH
~~~~~

20:00
ΜΑΡΙΝΟΣ ΤΡΑΜΟΥΝΤΑΝΕΛΗΣ (99125319)
2
MATCH
~~~~~

20:00
ΔΗΜΗΤΡΗΣ 7 30 (99860165)
3
MATCH
~~~~~

Report:
-------
Remaining Credits: 978
Array
(
    [batchId] => 1596551
    [status] => ok
    [error] => 
    [credits] => 2
)

================================================================================
[2014-06-24 18:53:54]	SMS Send Report

Recipients:
-----------
Array
(
    [0] => 99239194
)
Message:
--------
24-06-2014

19:00
ΑΝΤΡΟΣ ΕΛΗΝΙΚΗ (99582697)
1
MATCH_C
~~~~~

19:00
THE BIG BOSS (99920328)
2
MATCH
~~~~~

20:00
ΤΣ 54 (99598881)
1
MATCH
~~~~~

20:00
ΜΑΡΙΝΟΣ ΤΡΑΜΟΥΝΤΑΝΕΛΗΣ (99125319)
2
MATCH
~~~~~

20:00
ΔΗΜΗΤΡΗΣ 7 30 (99860165)
3
MATCH
~~~~~

21:00
ΧΡΙΣΤΟΦΟΡΟΣ 15 ΧΡΟΝΟΙ (99027356)
1
MATCH
~~~~~

Report:
-------
Remaining Credits: 976
Array
(
    [batchId] => 1596582
    [status] => ok
    [error] => 
    [credits] => 3
)

================================================================================
[2014-06-25 10:10:12]	SMS Send Report

Recipients:
-----------
Array
(
    [0] => 99239194
)
Message:
--------
25-06-2014

19:00
ΣΑΚΗΣ (99758599)
1
MATCH
~~~~~

19:00
ΓΡΗΓΟΡΗΣ 99554105 (99684204)
2
CHALLENGE
~~~~~

20:00
ΚΩΣΤΑΝΤΙΝΟΣ ΣΩΤΗΡΙΟΥ (99772421)
1
MATCH
~~~~~

20:00
ΓΙΩΡΓΟΣ ΑΝΤΡΕΑ ΠΑΝΑΓΗ (99101081)
2
MATCH
~~~~~

20:00
&Mu;&Alpha;&Rho;&Iota;&Omicron;&Sigma; 8 (96535084)
3
CHALLENGE
~~~~~

Report:
-------
Remaining Credits: 973
Array
(
    [batchId] => 1596985
    [status] => ok
    [error] => 
    [credits] => 3
)

================================================================================
[2014-06-25 16:15:32]	SMS Send Report

Recipients:
-----------
Array
(
    [0] => 99239194
)
Message:
--------
25-06-2014

19:00
ΣΑΚΗΣ (99758599)
1
MATCH
~~~~~

19:00
ΓΡΗΓΟΡΗΣ 99554105 (99684204)
2
CHALLENGE
~~~~~

20:00
ΝΙΚΟΣ (99554105)
1
MATCH_C
~~~~~

20:00
ΓΙΩΡΓΟΣ ΑΝΤΡΕΑ ΠΑΝΑΓΗ (99101081)
2
MATCH
~~~~~

20:00
&Mu;&Alpha;&Rho;&Iota;&Omicron;&Sigma; 8 (96535084)
3
MATCH_C
~~~~~

Report:
-------
Remaining Credits: 970
Array
(
    [batchId] => 1599854
    [status] => ok
    [error] => 
    [credits] => 2
)

================================================================================
[2014-06-25 18:13:51]	SMS Send Report

Recipients:
-----------
Array
(
    [0] => 99239194
)
Message:
--------
25-06-2014

19:00
ΣΑΚΗΣ (99758599)
1
MATCH
~~~~~

20:00
ΓΙΩΡΓΟΣ ΑΝΤΡΕΑ ΠΑΝΑΓΗ (99101081)
2
MATCH
~~~~~

20:00
&Mu;&Alpha;&Rho;&Iota;&Omicron;&Sigma; 8 (96535084)
3
MATCH_C
~~~~~

Report:
-------
Remaining Credits: 968
Array
(
    [batchId] => 1600089
    [status] => ok
    [error] => 
    [credits] => 2
)

================================================================================
[2014-06-30 18:15:41]	SMS Send Report

Recipients:
-----------
Array
(
    [0] => 99239194
)
Message:
--------
30-06-2014

20:00
ΓΙΩΡΓΟΣ ΘΕΟΔΩΡΟΥ (99766192)
2
MATCH
~~~~~

21:00
ΣΤΕΛΙΟΣ ΤΣΙΚΟΣ (99323432)
2
CHALLENGE
~~~~~

Report:
-------
Remaining Credits: 966
Array
(
    [batchId] => 1619393
    [status] => ok
    [error] => 
    [credits] => 1
)

================================================================================
[2014-07-01 16:22:32]	SMS Send Report

Recipients:
-----------
Array
(
    [0] => 99239194
)
Message:
--------
01-07-2014

19:00
ΑΝΤΡΟΣ ΕΛΗΝΙΚΗ (99582697)
1
MATCH
~~~~~

19:00
antonis (ex xatzias) (99926907)
2
CHALLENGE
~~~~~

20:00
ΔΗΜΗΤΡΗΣ 7 30 (99860165)
1
MATCH
~~~~~

20:00
ΑΝΤΡΕΑΣ ΛΟΙΖΟΥ (99987196)
2
MATCH
~~~~~

20:00
ΤΣ 54 (99598881)
3
MATCH
~~~~~

21:00
ΑΧΜΕΤ (97799525)
2
CHALLENGE
~~~~~

Report:
-------
Remaining Credits: 965
Array
(
    [batchId] => 1621891
    [status] => ok
    [error] => 
    [credits] => 3
)

================================================================================
[2014-07-01 17:25:58]	SMS Send Report

Recipients:
-----------
Array
(
    [0] => 99239194
)
Message:
--------
01-07-2014

19:00
ΑΝΤΡΟΣ ΕΛΗΝΙΚΗ (99582697)
1
MATCH
~~~~~

19:00
antonis (ex xatzias) (99926907)
2
MATCH_C
~~~~~

20:00
ΔΗΜΗΤΡΗΣ 7 30 (99860165)
1
MATCH
~~~~~

20:00
ΑΝΤΡΕΑΣ ΛΟΙΖΟΥ (99987196)
2
MATCH
~~~~~

20:00
ΤΣ 54 (99598881)
3
MATCH
~~~~~

21:00
ΑΧΜΕΤ (97799525)
2
CHALLENGE
~~~~~

Report:
-------
Remaining Credits: 962
Array
(
    [batchId] => 1622051
    [status] => ok
    [error] => 
    [credits] => 3
)

================================================================================
[2014-07-02 15:55:31]	SMS Send Report

Recipients:
-----------
Array
(
    [0] => 99239194
)
Message:
--------
02-07-2014

19:00
violaris (99644458)
1
CHALLENGE
~~~~~

20:00
ΜΑΡΙΟΣ (99908841)
1
MATCH
~~~~~

20:00
ΠΑΣΧΑΛΗΣ (99760595)
2
MATCH
~~~~~

20:00
antonis (ex xatzias) (99926907)
3
MATCH_C
~~~~~

Report:
-------
Remaining Credits: 959
Array
(
    [batchId] => 1623797
    [status] => ok
    [error] => 
    [credits] => 2
)

================================================================================
[2014-07-07 18:06:04]	SMS Send Report

Recipients:
-----------
Array
(
    [0] => 99239194
)
Message:
--------
07-07-2014

19:00
ΓΙΑΝΝΗΣ (99742888)
1
MATCH
~~~~~

20:00
ΡΕΝΟΣ ΚΟΥΡΕΑΣ (99805060)
1
MATCH_C
~~~~~

20:00
ΜΑΡΙΟΣ (99908841)
2
MATCH
~~~~~

21:00
ΗΛΙΑΣ ΝΤΕΜΕΡΤΖΙΔΗΣ (97728589)
1
MATCH
~~~~~

21:00
ΦΑΡΜΑΚΟΠΟΙΟΣ ΚΩΣΤΑΣ (99694933)
2
MATCH_C
~~~~~

21:00
ΗΛΙΑΣ ΝΤΕΜΕΡΤΖΙΔΗΣ (97728589)
3
MATCH
~~~~~

Report:
-------
Remaining Credits: 957
Array
(
    [batchId] => 1639369
    [status] => ok
    [error] => 
    [credits] => 3
)

================================================================================
[2014-07-08 19:36:34]	SMS Send Report

Recipients:
-----------
Array
(
    [0] => 99239194
)
Message:
--------
08-07-2014

20:00
0 ΞΕΝΙΟΣ (99558681)
1
MATCH_C
~~~~~

20:00
ΤΣ 54 (99598881)
2
MATCH
~~~~~

20:00
ΚΩΣΤΑΝΤΙΝΟΣ ΣΩΤΗΡΙΟΥ (99772421)
3
MATCH_C
~~~~~

Report:
-------
Remaining Credits: 954
Array
(
    [batchId] => 1642111
    [status] => ok
    [error] => 
    [credits] => 2
)

================================================================================
[2014-07-08 19:36:38]	SMS Send Report

Recipients:
-----------
Array
(
    [0] => 99239194
)
Message:
--------
08-07-2014

20:00
0 ΞΕΝΙΟΣ (99558681)
1
MATCH_C
~~~~~

20:00
ΤΣ 54 (99598881)
2
MATCH
~~~~~

20:00
ΚΩΣΤΑΝΤΙΝΟΣ ΣΩΤΗΡΙΟΥ (99772421)
3
MATCH_C
~~~~~

Report:
-------
Remaining Credits: 952
Array
(
    [batchId] => 1642112
    [status] => ok
    [error] => 
    [credits] => 2
)

================================================================================
[2014-07-08 19:37:07]	SMS Send Report

Recipients:
-----------
Array
(
    [0] => 99239194
)
Message:
--------
08-07-2014

20:00
0 ΞΕΝΙΟΣ (99558681)
1
MATCH_C
~~~~~

20:00
ΤΣ 54 (99598881)
2
MATCH
~~~~~

20:00
ΚΩΣΤΑΝΤΙΝΟΣ ΣΩΤΗΡΙΟΥ (99772421)
3
MATCH_C
~~~~~

Report:
-------
Remaining Credits: 950
Array
(
    [batchId] => 1642113
    [status] => ok
    [error] => 
    [credits] => 2
)

================================================================================
[2014-07-09 17:17:40]	SMS Send Report

Recipients:
-----------
Array
(
    [0] => 99890630
)
Message:
--------
09-07-2014

19:00
ΑΝΤΡΕΑΣ ΔΑΜΑΛΑΣ (99024600)
1
MATCH
~~~~~

19:00
ΧΑΡΗΣ ΧΑΡΑΛΑΜΠΟΥΣ (99465654)
2
MATCH
~~~~~

19:00
ΝΙΚΟΣ (99554105)
3
MATCH_C
~~~~~

20:00
ΠΑΣΧΑΛΗΣ (99760595)
1
MATCH
~~~~~

20:00
ΑΝΤΡΕΑΣ ΛΟΙΖΟΥ (99987196)
2
MATCH
~~~~~

20:00
ΔΗΜΗΤΡΗΣ 7 30 (99860165)
3
MATCH
~~~~~

Report:
-------
Remaining Credits: 948
Array
(
    [batchId] => 1644210
    [status] => ok
    [error] => 
    [credits] => 3
)

================================================================================
[2014-07-09 17:23:32]	SMS Send Report

Recipients:
-----------
Array
(
    [0] => 99239194
)
Message:
--------
09-07-2014

19:00
ΑΝΤΡΕΑΣ ΔΑΜΑΛΑΣ (99024600)
1
MATCH
~~~~~

19:00
ΧΑΡΗΣ ΧΑΡΑΛΑΜΠΟΥΣ (99465654)
2
MATCH
~~~~~

19:00
ΝΙΚΟΣ (99554105)
3
MATCH_C
~~~~~

20:00
ΠΑΣΧΑΛΗΣ (99760595)
1
MATCH
~~~~~

20:00
ΑΝΤΡΕΑΣ ΛΟΙΖΟΥ (99987196)
2
MATCH
~~~~~

20:00
ΔΗΜΗΤΡΗΣ 7 30 (99860165)
3
MATCH
~~~~~

Report:
-------
Remaining Credits: 945
Array
(
    [batchId] => 1644216
    [status] => ok
    [error] => 
    [credits] => 3
)

================================================================================
[2014-07-11 16:36:12]	SMS Send Report

Recipients:
-----------
Array
(
    [0] => 99239194
)
Message:
--------
11-07-2014

20:00
ΚΩΣΤΑΝΤΙΝΟΣ ΣΩΤΗΡΙΟΥ (99772421)
1
MATCH
~~~~~

20:00
ΞΕΝΙΟΣ ΓΡΗΓΟΡΙΟΥ (96492687)
2
MATCH
~~~~~

Report:
-------
Remaining Credits: 942
Array
(
    [batchId] => 1650555
    [status] => ok
    [error] => 
    [credits] => 1
)

================================================================================
[2014-07-11 18:16:44]	SMS Send Report

Recipients:
-----------
Array
(
    [0] => 99239194
)
Message:
--------
11-07-2014

20:00
ΔΗΜΗΤΡΗΣ 7 30 (99860165)
1
MATCH
~~~~~

20:00
ΞΕΝΙΟΣ ΓΡΗΓΟΡΙΟΥ (96492687)
2
MATCH
~~~~~

20:00
ΚΩΣΤΑΝΤΙΝΟΣ ΣΩΤΗΡΙΟΥ (99772421)
3
MATCH_C
~~~~~

21:00
 (99173045)
1
MATCH
~~~~~

Report:
-------
Remaining Credits: 941
Array
(
    [batchId] => 1656894
    [status] => ok
    [error] => 
    [credits] => 2
)

================================================================================
[2014-07-16 12:39:20]	SMS Send Report

Recipients:
-----------
Array
(
    [0] => 99239194
)
Message:
--------
16-07-2014

19:00
ΓΙΑΝΟΣ (99819232)
1
MATCH
~~~~~

19:00
ΘΕΟΔΩΡΟΣ ΠΑΠΑΔΟΠΟΥΛΟΣ (99132370)
2
MATCH
~~~~~

20:00
ΝΙΚΟΛΑΣ (99766575)
1
MATCH
~~~~~

20:00
ΓΙΩΡΓΟΣ ΑΝΤΡΕΑ ΠΑΝΑΓΗ (99101081)
2
MATCH
~~~~~

20:00
ΔΗΜΗΤΡΗΣ 7 30 (99860165)
3
MATCH
~~~~~

21:00
ΦΑΡΜΑΚΟΠΟΙΟΣ ΚΩΣΤΑΣ (99694933)
1
MATCH_C
~~~~~

21:00
ΜΑΡΙΟΣ (99908841)
2
MATCH
~~~~~

Report:
-------
Remaining Credits: 939
Array
(
    [batchId] => 1664993
    [status] => ok
    [error] => 
    [credits] => 3
)

================================================================================
[2014-07-16 17:32:02]	SMS Send Report

Recipients:
-----------
Array
(
    [0] => 99239194
)
Message:
--------
16-07-2014

19:00
ΓΙΑΝΟΣ (99819232)
1
MATCH
~~~~~

19:00
ΘΕΟΔΩΡΟΣ ΠΑΠΑΔΟΠΟΥΛΟΣ (99132370)
2
MATCH
~~~~~

19:00
ΜΑΡΙΝΟΣ ΓΕΩΡΓΙΟΥ (99782109)
3
MATCH
~~~~~

20:00
ΝΙΚΟΛΑΣ (99766575)
1
MATCH
~~~~~

20:00
ΓΙΩΡΓΟΣ ΑΝΤΡΕΑ ΠΑΝΑΓΗ (99101081)
2
MATCH
~~~~~

20:00
ΔΗΜΗΤΡΗΣ 7 30 (99860165)
3
MATCH
~~~~~

21:00
ΦΑΡΜΑΚΟΠΟΙΟΣ ΚΩΣΤΑΣ (99694933)
1
MATCH_C
~~~~~

Report:
-------
Remaining Credits: 936
Array
(
    [batchId] => 1665542
    [status] => ok
    [error] => 
    [credits] => 3
)

================================================================================
[2014-07-16 18:07:07]	SMS Send Report

Recipients:
-----------
Array
(
    [0] => 99239194
)
Message:
--------
16-07-2014

19:00
ΓΙΑΝΟΣ (99819232)
1
MATCH
~~~~~

19:00
ΘΕΟΔΩΡΟΣ ΠΑΠΑΔΟΠΟΥΛΟΣ (99132370)
2
MATCH
~~~~~

19:00
ΜΑΡΙΝΟΣ ΓΕΩΡΓΙΟΥ (99782109)
3
MATCH
~~~~~

20:00
ΝΙΚΟΛΑΣ (99766575)
1
MATCH
~~~~~

20:00
ΓΙΩΡΓΟΣ ΑΝΤΡΕΑ ΠΑΝΑΓΗ (99101081)
2
MATCH
~~~~~

20:00
ΔΗΜΗΤΡΗΣ 7 30 (99860165)
3
MATCH
~~~~~

21:00
ΦΑΡΜΑΚΟΠΟΙΟΣ ΚΩΣΤΑΣ (99694933)
1
MATCH_C
~~~~~

Report:
-------
Remaining Credits: 933
Array
(
    [batchId] => 1665605
    [status] => ok
    [error] => 
    [credits] => 3
)

================================================================================
[2014-07-16 18:08:31]	SMS Send Report

Recipients:
-----------
Array
(
    [0] => 99890630
)
Message:
--------
16-07-2014

19:00
ΓΙΑΝΟΣ (99819232)
1
MATCH
~~~~~

19:00
ΘΕΟΔΩΡΟΣ ΠΑΠΑΔΟΠΟΥΛΟΣ (99132370)
2
MATCH
~~~~~

19:00
ΜΑΡΙΝΟΣ ΓΕΩΡΓΙΟΥ (99782109)
3
MATCH
~~~~~

20:00
ΝΙΚΟΛΑΣ (99766575)
1
MATCH
~~~~~

20:00
ΓΙΩΡΓΟΣ ΑΝΤΡΕΑ ΠΑΝΑΓΗ (99101081)
2
MATCH
~~~~~

20:00
ΔΗΜΗΤΡΗΣ 7 30 (99860165)
3
MATCH
~~~~~

21:00
ΦΑΡΜΑΚΟΠΟΙΟΣ ΚΩΣΤΑΣ (99694933)
1
MATCH_C
~~~~~

Report:
-------
Remaining Credits: 930
Array
(
    [batchId] => 1665606
    [status] => ok
    [error] => 
    [credits] => 3
)

================================================================================
[2014-07-17 14:45:36]	SMS Send Report

Recipients:
-----------
Array
(
    [0] => 99239194
)
Message:
--------
17-07-2014

20:00
ΓΙΟΡΓΟΣ ΦΙΛΟΣ ΑΛΕΞ (99179354)
1
MATCH
~~~~~

20:00
antonis (ex xatzias) (99926907)
2
MATCH_C
~~~~~

Report:
-------
Remaining Credits: 927
Array
(
    [batchId] => 1666905
    [status] => ok
    [error] => 
    [credits] => 1
)

================================================================================
[2014-07-18 16:51:32]	SMS Send Report

Recipients:
-----------
Array
(
    [0] => 99239194
)
Message:
--------
18-07-2014

19:00
ΜΙΛΤΟΣ (99485818)
1
MATCH
~~~~~

20:00
ΔΗΜΗΤΡΗΣ 7 30 (99860165)
1
MATCH
~~~~~

Report:
-------
Remaining Credits: 926
Array
(
    [batchId] => 1669367
    [status] => ok
    [error] => 
    [credits] => 1
)

================================================================================
[2014-07-21 15:39:04]	SMS Send Report

Recipients:
-----------
Array
(
    [0] => 99239194
)
Message:
--------
21-07-2014

20:00
ΡΕΝΟΣ ΚΟΥΡΕΑΣ (99805060)
1
MATCH
~~~~~

20:00
ΠΑΣΧΑΛΗΣ (99760595)
2
MATCH
~~~~~

21:00
ΦΑΡΜΑΚΟΠΟΙΟΣ ΚΩΣΤΑΣ (99694933)
2
MATCH_C
~~~~~

Report:
-------
Remaining Credits: 925
Array
(
    [batchId] => 1674002
    [status] => ok
    [error] => 
    [credits] => 2
)

================================================================================
[2014-07-22 16:34:21]	SMS Send Report

Recipients:
-----------
Array
(
    [0] => 99239194
)
Message:
--------
22-07-2014

19:00
ΧΑΡΗΣ ΧΑΡΑΛΑΜΠΟΥΣ (99465654)
3
MATCH
~~~~~

20:00
ΠΑΝΑΓΙΩΤΗΣ (99159030)
1
MATCH
~~~~~

20:00
ΑΡΗΣ ΣΑΒΒΑ (99644009)
2
MATCH
~~~~~

20:00
ΧΑΡΗΣ ΠΑΠΑΚΥΡΙΑΚΟΥ (99628193)
3
MATCH_C
~~~~~

21:00
ΜΑΡΙΟΣ ΤΣΙΟΠΑΝΗΣ ΣΚΡΟΥΤΖ (99375665)
1
MATCH
~~~~~

21:00
ΑΧΙΛΛΕΑΣ ΠΛΑΤΑΝΙΣΤΑΣΑ (99609200)
4
MATCH
~~~~~

Report:
-------
Remaining Credits: 923
Array
(
    [batchId] => 1675729
    [status] => ok
    [error] => 
    [credits] => 3
)

================================================================================
[2014-07-23 17:20:33]	SMS Send Report

Recipients:
-----------
Array
(
    [0] => 99239194
)
Message:
--------
23-07-2014

20:00
ΚΩΣΤΑΝΤΙΝΟΣ ΣΩΤΗΡΙΟΥ (99772421)
1
MATCH_C
~~~~~

20:00
ΒΡΙΚΗΣ (99899933)
2
MATCH
~~~~~

20:00
antonis (ex xatzias) (99926907)
3
CHALLENGE
~~~~~

21:00
ΑΧΙΛΛΕΑΣ ΠΛΑΤΑΝΙΣΤΑΣΑ (99609200)
4
MATCH
~~~~~

Report:
-------
Remaining Credits: 920
Array
(
    [batchId] => 1677623
    [status] => ok
    [error] => 
    [credits] => 2
)

================================================================================
[2014-07-28 17:29:27]	SMS Send Report

Recipients:
-----------
Array
(
    [0] => 99239194
)
Message:
--------
28-07-2014

20:00
ΠΑΣΧΑΛΗΣ (99760595)
2
MATCH
~~~~~

21:00
ΦΑΡΜΑΚΟΠΟΙΟΣ ΚΩΣΤΑΣ (99694933)
1
CHALLENGE
~~~~~

Report:
-------
Remaining Credits: 918
Array
(
    [batchId] => 1685772
    [status] => ok
    [error] => 
    [credits] => 1
)

================================================================================
[2014-07-29 16:52:31]	SMS Send Report

Recipients:
-----------
Array
(
    [0] => 99239194
)
Message:
--------
29-07-2014

19:00
ΑΝΤΡΟΣ ΕΛΗΝΙΚΗ (99582697)
1
MATCH_C
~~~~~

19:00
ΧΑΡΗΣ ΧΑΡΑΛΑΜΠΟΥΣ (99465654)
2
MATCH
~~~~~

19:00
ΓΙΑΝΟΣ (99819232)
3
MATCH
~~~~~

20:00
ΚΩΣΤΑΝΤΙΝΟΣ (99918431)
1
MATCH
~~~~~

20:00
ΝΙΚΟΛΑΣ (99766575)
2
MATCH
~~~~~

20:00
ΤΣ 54 (99598881)
3
MATCH
~~~~~

21:00
ΦΩΤΙΣ ΝΑΤΣΙΚΑΣ (99849400)
2
MATCH_C
~~~~~

Report:
-------
Remaining Credits: 917
Array
(
    [batchId] => 1687279
    [status] => ok
    [error] => 
    [credits] => 3
)

================================================================================
[2014-07-29 20:12:29]	SMS Send Report

Recipients:
-----------
Array
(
    [0] => 99239194
)
Message:
--------
29-07-2014

19:00
ΑΝΤΡΟΣ ΕΛΗΝΙΚΗ (99582697)
1
MATCH_C
~~~~~

19:00
ΧΑΡΗΣ ΧΑΡΑΛΑΜΠΟΥΣ (99465654)
2
MATCH
~~~~~

19:00
ΓΙΑΝΟΣ (99819232)
3
MATCH
~~~~~

20:00
ΚΩΣΤΑΝΤΙΝΟΣ (99918431)
1
MATCH
~~~~~

20:00
ΝΙΚΟΛΑΣ (99766575)
2
MATCH
~~~~~

20:00
ΤΣ 54 (99598881)
3
MATCH
~~~~~

21:00
ΦΩΤΙΣ ΝΑΤΣΙΚΑΣ (99849400)
1
CHALLENGE
~~~~~

21:00
ΓΙΟΡΓΟΣ ΦΙΛΟΣ ΑΛΕΞ (99179354)
3
CHALLENGE
~~~~~

Report:
-------
Remaining Credits: 914
Array
(
    [batchId] => 1687564
    [status] => ok
    [error] => 
    [credits] => 3
)

================================================================================
[2014-07-30 15:54:52]	SMS Send Report

Recipients:
-----------
Array
(
    [0] => 99239194
)
Message:
--------
30-07-2014

20:00
ΠΑΝΑΓΙΩΤΗΣ (99159030)
2
MATCH_C
~~~~~

Report:
-------
Remaining Credits: 911
Array
(
    [batchId] => 1688896
    [status] => ok
    [error] => 
    [credits] => 1
)

================================================================================
[2014-08-01 13:01:25]	SMS Send Report

Recipients:
-----------
Array
(
    [0] => 99239194
)
Message:
--------
01-08-2014

19:00
ΦΡΙΞΟΣ ΒΡΥΩΝΙΔΗΣ (99918875)
1
CHALLENGE
~~~~~

20:00
ΚΩΣΤΑΝΤΙΝΟΣ ΣΩΤΗΡΙΟΥ (99772421)
1
CHALLENGE
~~~~~

21:00
ΦΑΡΜΑΚΟΠΟΙΟΣ ΚΩΣΤΑΣ (99694933)
2
MATCH_C
~~~~~

Report:
-------
Remaining Credits: 910
Array
(
    [batchId] => 1693936
    [status] => ok
    [error] => 
    [credits] => 2
)

================================================================================
[2014-08-01 16:31:14]	SMS Send Report

Recipients:
-----------
Array
(
    [0] => 99239194
)
Message:
--------
01-08-2014

18:30
ΝΙΚΟΛΑΣ ΔΩΔΕΚΑ ΧΡΟΝΩΝ (99279137)
1
MATCH
~~~~~

20:00
ΚΩΣΤΑΝΤΙΝΟΣ (99868853)
1
MATCH
~~~~~

20:00
ΚΩΣΤΑΝΤΙΝΟΣ ΣΩΤΗΡΙΟΥ (99772421)
2
CHALLENGE
~~~~~

21:00
ΦΑΡΜΑΚΟΠΟΙΟΣ ΚΩΣΤΑΣ (99694933)
2
MATCH_C
~~~~~

Report:
-------
Remaining Credits: 908
Array
(
    [batchId] => 1694509
    [status] => ok
    [error] => 
    [credits] => 2
)

================================================================================
[2014-08-01 18:06:44]	SMS Send Report

Recipients:
-----------
Array
(
    [0] => 99239194
)
Message:
--------
01-08-2014

18:30
ΝΙΚΟΛΑΣ ΔΩΔΕΚΑ ΧΡΟΝΩΝ (99279137)
1
MATCH
~~~~~

20:00
ΚΩΣΤΑΝΤΙΝΟΣ (99868853)
1
MATCH
~~~~~

20:00
ΚΩΣΤΑΝΤΙΝΟΣ ΣΩΤΗΡΙΟΥ (99772421)
2
CHALLENGE
~~~~~

20:00
ΧΡΙΣΤΟΦΟΡΟΣ (96281801)
3
MATCH
~~~~~

21:00
ΦΑΡΜΑΚΟΠΟΙΟΣ ΚΩΣΤΑΣ (99694933)
2
MATCH_C
~~~~~

Report:
-------
Remaining Credits: 906
Array
(
    [batchId] => 1699980
    [status] => ok
    [error] => 
    [credits] => 2
)

================================================================================
[2014-08-03 12:06:56]	SMS Send Report

Recipients:
-----------
Array
(
    [0] => 99239194
)
Message:
--------
03-08-2014

20:00
ΜΑΡΙΟΣ ΤΣΙΟΠΑΝΗΣ ΣΚΡΟΥΤΖ (99375665)
1
MATCH
~~~~~

20:00
ΠΑΥΛΟΣ (99366023)
3
MATCH
~~~~~

Report:
-------
Remaining Credits: 904
Array
(
    [batchId] => 1703240
    [status] => ok
    [error] => 
    [credits] => 1
)

================================================================================
[2014-08-03 12:08:00]	SMS Send Report

Recipients:
-----------
Array
(
    [0] => 99239194
)
Message:
--------
03-08-2014

20:00
ΜΑΡΙΟΣ ΤΣΙΟΠΑΝΗΣ ΣΚΡΟΥΤΖ (99375665)
1
MATCH
~~~~~

20:00
ΠΑΥΛΟΣ (99366023)
3
MATCH
~~~~~

Report:
-------
Remaining Credits: 903
Array
(
    [batchId] => 1703241
    [status] => ok
    [error] => 
    [credits] => 1
)

================================================================================
[2014-08-03 12:08:12]	SMS Send Report

Recipients:
-----------
Array
(
    [0] => 99239194
)
Message:
--------
03-08-2014

20:00
ΜΑΡΙΟΣ ΤΣΙΟΠΑΝΗΣ ΣΚΡΟΥΤΖ (99375665)
1
MATCH
~~~~~

20:00
ΠΑΥΛΟΣ (99366023)
3
MATCH
~~~~~

Report:
-------
Remaining Credits: 902
Array
(
    [batchId] => 1703243
    [status] => ok
    [error] => 
    [credits] => 1
)

================================================================================
[2014-08-03 14:49:20]	SMS Send Report

Recipients:
-----------
Array
(
    [0] => 99239194
)
Message:
--------
03-08-2014

20:00
ΜΑΡΙΟΣ ΤΣΙΟΠΑΝΗΣ ΣΚΡΟΥΤΖ (99375665)
1
MATCH
~~~~~

20:00
ΑΝΤΡΕΑΣ (99769875)
2
MATCH
~~~~~

20:00
ΠΑΥΛΟΣ (99366023)
3
MATCH
~~~~~

Report:
-------
Remaining Credits: 901
Array
(
    [batchId] => 1703337
    [status] => ok
    [error] => 
    [credits] => 2
)

================================================================================
[2014-08-03 18:59:58]	SMS Send Report

Recipients:
-----------
Array
(
    [0] => 99239184
)
Message:
--------
03-08-2014

20:00
ΜΑΡΙΟΣ ΤΣΙΟΠΑΝΗΣ ΣΚΡΟΥΤΖ (99375665)
1
MATCH
~~~~~

20:00
ΑΝΤΡΕΑΣ (99769875)
2
MATCH
~~~~~

20:00
ΠΑΥΛΟΣ (99366023)
3
MATCH
~~~~~

21:00
ΦΡΙΞΟΣ ΒΡΥΩΝΙΔΗΣ (99918875)
1
MATCH_C
~~~~~

Report:
-------
Remaining Credits: 899
Array
(
    [batchId] => 1703586
    [status] => ok
    [error] => 
    [credits] => 2
)

================================================================================
[2014-08-03 19:09:53]	SMS Send Report

Recipients:
-----------
Array
(
    [0] => 99239194
)
Message:
--------
03-08-2014

20:00
ΜΑΡΙΟΣ ΤΣΙΟΠΑΝΗΣ ΣΚΡΟΥΤΖ (99375665)
1
MATCH
~~~~~

20:00
ΑΝΤΡΕΑΣ (99769875)
2
MATCH
~~~~~

20:00
ΠΑΥΛΟΣ (99366023)
3
MATCH
~~~~~

21:00
ΦΡΙΞΟΣ ΒΡΥΩΝΙΔΗΣ (99918875)
1
MATCH_C
~~~~~

21:00
ΑΝΤΡΕΑΣ (96549202)
2
MATCH
~~~~~

Report:
-------
Remaining Credits: 897
Array
(
    [batchId] => 1703596
    [status] => ok
    [error] => 
    [credits] => 2
)

================================================================================
[2014-08-03 20:16:07]	SMS Send Report

Recipients:
-----------
Array
(
    [0] => 99239194
)
Message:
--------
03-08-2014

20:00
ΜΑΡΙΟΣ ΤΣΙΟΠΑΝΗΣ ΣΚΡΟΥΤΖ (99375665)
1
MATCH
~~~~~

20:00
ΑΝΤΡΕΑΣ (99769875)
2
MATCH
~~~~~

20:00
ΠΑΥΛΟΣ (99366023)
3
MATCH
~~~~~

21:00
ΦΡΙΞΟΣ ΒΡΥΩΝΙΔΗΣ (99918875)
1
MATCH_C
~~~~~

21:00
ΑΝΤΡΕΑΣ (96549202)
2
MATCH
~~~~~

21:30
ΓΙΑΝΝΗΣ (99742888)
3
MATCH
~~~~~

Report:
-------
Remaining Credits: 895
Array
(
    [batchId] => 1703629
    [status] => ok
    [error] => 
    [credits] => 3
)

================================================================================
[2014-08-04 17:39:53]	SMS Send Report

Recipients:
-----------
Array
(
    [0] => 99239194
)
Message:
--------
04-08-2014

20:00
ΚΩΣΤΑΝΤΙΝΟΣ (99918431)
1
MATCH
~~~~~

20:00
ΚΥΡΙΑΚ7Σ (99524542)
2
MATCH_C
~~~~~

Report:
-------
Remaining Credits: 892
Array
(
    [batchId] => 1706370
    [status] => ok
    [error] => 
    [credits] => 1
)

================================================================================
[2014-08-05 16:21:43]	SMS Send Report

Recipients:
-----------
Array
(
    [0] => 99239194
)
Message:
--------
05-08-2014

18:00
ΑΧΙΛΛΕΑΣ ΠΛΑΤΑΝΙΣΤΑΣΑ (99609200)
4
MATCH
~~~~~

19:00
ΓΙΑΝΟΣ (99819232)
1
MATCH
~~~~~

19:00
ΔΗΜΗΤΡΗΣ 7 30 (99860165)
2
MATCH
~~~~~

19:00
ΑΝΤΡΟΣ ΕΛΗΝΙΚΗ (99582697)
3
CHALLENGE
~~~~~

20:00
ΤΣ 54 (99598881)
1
MATCH
~~~~~

20:00
ΙΑΚΩΒΟΣ (99742752)
2
MATCH
~~~~~

Report:
-------
Remaining Credits: 891
Array
(
    [batchId] => 1707897
    [status] => ok
    [error] => 
    [credits] => 3
)

================================================================================
[2014-08-05 18:13:06]	SMS Send Report

Recipients:
-----------
Array
(
    [0] => 99239194
)
Message:
--------
05-08-2014

18:00
ΑΧΙΛΛΕΑΣ ΠΛΑΤΑΝΙΣΤΑΣΑ (99609200)
4
MATCH
~~~~~

19:00
ΓΙΑΝΟΣ (99819232)
1
MATCH
~~~~~

19:30
ΑΝΤΡΟΣ ΕΛΗΝΙΚΗ (99582697)
3
MATCH_C
~~~~~

20:00
ΤΣ 54 (99598881)
1
MATCH
~~~~~

20:00
ΙΑΚΩΒΟΣ (99742752)
2
MATCH
~~~~~

Report:
-------
Remaining Credits: 888
Array
(
    [batchId] => 1708126
    [status] => ok
    [error] => 
    [credits] => 2
)

================================================================================
[2014-08-05 18:13:07]	SMS Send Report

Recipients:
-----------
Array
(
    [0] => 99239194
)
Message:
--------
05-08-2014

18:00
ΑΧΙΛΛΕΑΣ ΠΛΑΤΑΝΙΣΤΑΣΑ (99609200)
4
MATCH
~~~~~

19:00
ΓΙΑΝΟΣ (99819232)
1
MATCH
~~~~~

19:30
ΑΝΤΡΟΣ ΕΛΗΝΙΚΗ (99582697)
3
MATCH_C
~~~~~

20:00
ΤΣ 54 (99598881)
1
MATCH
~~~~~

20:00
ΙΑΚΩΒΟΣ (99742752)
2
MATCH
~~~~~

Report:
-------
Remaining Credits: 888
Array
(
    [batchId] => 1708127
    [status] => ok
    [error] => 
    [credits] => 2
)

================================================================================
[2014-08-08 15:29:44]	SMS Send Report

Recipients:
-----------
Array
(
    [0] => 99239194
)
Message:
--------
08-08-2014

19:00
ΜΑΡΙΟΣ (99908841)
1
MATCH_C
~~~~~

20:00
ΔΗΜΗΤΡΗΣ 7 30 (99860165)
1
MATCH
~~~~~

Report:
-------
Remaining Credits: 884
Array
(
    [batchId] => 1713157
    [status] => ok
    [error] => 
    [credits] => 1
)

================================================================================
[2014-08-08 16:54:56]	SMS Send Report

Recipients:
-----------
Array
(
    [0] => 99239194
)
Message:
--------
08-08-2014

19:00
ΜΑΡΙΟΣ (99908841)
1
MATCH_C
~~~~~

20:00
ΔΗΜΗΤΡΗΣ 7 30 (99860165)
1
MATCH
~~~~~

20:30
ΓΙΑΝΝΗΣ (99742888)
2
MATCH_C
~~~~~

Report:
-------
Remaining Credits: 883
Array
(
    [batchId] => 1713309
    [status] => ok
    [error] => 
    [credits] => 1
)

================================================================================
[2014-08-08 17:05:09]	SMS Send Report

Recipients:
-----------
Array
(
    [0] => 99239194
)
Message:
--------
08-08-2014

19:00
ΜΑΡΙΟΣ (99908841)
1
MATCH_C
~~~~~

20:30
ΓΙΑΝΝΗΣ (99742888)
1
MATCH
~~~~~

20:30
ΔΗΜΗΤΡΗΣ 7 30 (99860165)
3
MATCH
~~~~~

Report:
-------
Remaining Credits: 882
Array
(
    [batchId] => 1713330
    [status] => ok
    [error] => 
    [credits] => 1
)

================================================================================
[2014-08-11 17:36:06]	SMS Send Report

Recipients:
-----------
Array
(
    [0] => 99239194
)
Message:
--------
11-08-2014

20:00
ΓΙΑΝΝΟΣ (99578638)
1
MATCH_C
~~~~~

20:00
ΚΑΛΙΜΑΧΟΣ (99894058)
2
MATCH
~~~~~

Report:
-------
Remaining Credits: 881
Array
(
    [batchId] => 1716903
    [status] => ok
    [error] => 
    [credits] => 1
)

================================================================================
[2014-08-12 16:57:48]	SMS Send Report

Recipients:
-----------
Array
(
    [0] => 99239194
)
Message:
--------
12-08-2014

19:30
ΑΝΤΡΟΣ ΕΛΗΝΙΚΗ (99582697)
1
MATCH_C
~~~~~

20:30
ΠΑΥΛΟΣ (99366023)
1
MATCH
~~~~~

Report:
-------
Remaining Credits: 880
Array
(
    [batchId] => 1718191
    [status] => ok
    [error] => 
    [credits] => 1
)

================================================================================
[2014-08-12 17:44:26]	SMS Send Report

Recipients:
-----------
Array
(
    [0] => 99239194
)
Message:
--------
12-08-2014

19:30
ΑΝΤΡΟΣ ΕΛΗΝΙΚΗ (99582697)
1
MATCH_C
~~~~~

20:30
ΠΑΥΛΟΣ (99366023)
1
MATCH
~~~~~

21:30
ΚΩΝΣΤΑΝΤΙΝΟΣ (99138678)
6
MATCH
~~~~~

Report:
-------
Remaining Credits: 879
Array
(
    [batchId] => 1718284
    [status] => ok
    [error] => 
    [credits] => 1
)

================================================================================
[2014-08-25 15:47:48]	SMS Send Report

Recipients:
-----------
Array
(
    [0] => 99239194
)
Message:
--------
25-08-2014

19:00
ΠΑΡΗΣ (99472020)
2
MATCH
~~~~~

20:00
ΜΑΡΙΟΣ (99908841)
1
CHALLENGE
~~~~~

21:00
ΦΑΡΜΑΚΟΠΟΙΟΣ ΚΩΣΤΑΣ (99694933)
3
MATCH
~~~~~

Report:
-------
Remaining Credits: 878
Array
(
    [batchId] => 1739436
    [status] => ok
    [error] => 
    [credits] => 1
)

================================================================================
[2014-08-25 16:24:42]	SMS Send Report

Recipients:
-----------
Array
(
    [0] => 99239194
)
Message:
--------
25-08-2014

19:00
ΠΑΡΗΣ (99472020)
2
MATCH
~~~~~

20:00
ΜΑΡΙΟΣ (99908841)
1
MATCH_C
~~~~~

21:00
ΦΑΡΜΑΚΟΠΟΙΟΣ ΚΩΣΤΑΣ (99694933)
3
MATCH
~~~~~

Report:
-------
Remaining Credits: 877
Array
(
    [batchId] => 1739522
    [status] => ok
    [error] => 
    [credits] => 1
)

================================================================================
[2014-08-27 16:23:24]	SMS Send Report

Recipients:
-----------
Array
(
    [0] => 99239194
)
Message:
--------
27-08-2014

18:00
ΝΙΚΟΛΑΣ (99766575)
1
MATCH
~~~~~

19:00
ΚΩΣΤΑΝΤΙΝΟΣ (99918431)
1
MATCH
~~~~~

20:00
ΚΩΤΣΙΟΣ ΓΙΟΥΡΟΠΑΝΚ (99947771)
1
MATCH_C
~~~~~

20:00
ΑΝΤΡΕΑΣ ΜΙΧΑΗΛ (99545900)
2
MATCH
~~~~~

20:30
ΠΑΥΛΟΣ (99366023)
3
MATCH
~~~~~

Report:
-------
Remaining Credits: 876
Array
(
    [batchId] => 1746850
    [status] => ok
    [error] => 
    [credits] => 2
)

================================================================================
[2014-09-02 15:36:22]	SMS Send Report

Recipients:
-----------
Array
(
    [0] => 99239194
)
Message:
--------
02-09-2014

18:00
ΑΧΙΛΛΕΑΣ ΠΛΑΤΑΝΙΣΤΑΣΑ (99609200)
1
MATCH
~~~~~

19:00
ΑΧΙΛΛΕΑΣ ΠΛΑΤΑΝΙΣΤΑΣΑ (99609200)
1
MATCH
~~~~~

19:30
ΑΝΤΡΟΣ ΕΛΗΝΙΚΗ (99582697)
3
MATCH_C
~~~~~

20:00
ΤΣ 54 (99598881)
1
MATCH
~~~~~

20:00
ΑΝΤΡΕΑΣ ΜΙΧΑΗΛ (99545900)
2
MATCH
~~~~~

20:30
ΑΧΙΛΛΕΑΣ ΓΙΑΓΚΟΥ (99376674)
3
CHALLENGE
~~~~~

21:00
ΦΑΡΜΑΚΟΠΟΙΟΣ ΚΩΣΤΑΣ (99694933)
1
MATCH
~~~~~

Report:
-------
Remaining Credits: 874
Array
(
    [batchId] => 1759178
    [status] => ok
    [error] => 
    [credits] => 3
)

================================================================================
[2014-09-02 15:51:41]	SMS Send Report

Recipients:
-----------
Array
(
    [0] => 99920328
)
Message:
--------
02-09-2014

18:00
ΑΧΙΛΛΕΑΣ ΠΛΑΤΑΝΙΣΤΑΣΑ (99609200)
1
MATCH
~~~~~

19:00
ΑΧΙΛΛΕΑΣ ΠΛΑΤΑΝΙΣΤΑΣΑ (99609200)
1
MATCH
~~~~~

19:30
ΑΝΤΡΟΣ ΕΛΗΝΙΚΗ (99582697)
3
MATCH_C
~~~~~

20:00
ΤΣ 54 (99598881)
1
MATCH
~~~~~

20:00
ΑΝΤΡΕΑΣ ΜΙΧΑΗΛ (99545900)
2
MATCH
~~~~~

20:30
ΑΧΙΛΛΕΑΣ ΓΙΑΓΚΟΥ (99376674)
3
MATCH_C
~~~~~

21:00
ΦΑΡΜΑΚΟΠΟΙΟΣ ΚΩΣΤΑΣ (99694933)
1
MATCH
~~~~~

Report:
-------
Remaining Credits: 871
Array
(
    [batchId] => 1760214
    [status] => ok
    [error] => 
    [credits] => 3
)

================================================================================
[2014-09-03 18:26:21]	SMS Send Report

Recipients:
-----------
Array
(
    [0] => 99239194
)
Message:
--------
03-09-2014

19:00
ΜΑΡΙΟΣ (99908841)
2
CHALLENGE
~~~~~

19:30
ΓΡΗΓΟΡΗΣ 99554105 (99684204)
1
MATCH
~~~~~

Report:
-------
Remaining Credits: 868
Array
(
    [batchId] => 1762147
    [status] => ok
    [error] => 
    [credits] => 1
)

================================================================================
[2014-09-04 16:08:42]	SMS Send Report

Recipients:
-----------
Array
(
    [0] => 99239194
)
Message:
--------
04-09-2014

19:00
antonis (ex xatzias) (99926907)
2
CHALLENGE
~~~~~

19:00
ΑΧΙΛΛΕΑΣ ΠΛΑΤΑΝΙΣΤΑΣΑ (99609200)
3
MATCH
~~~~~

20:00
ΚΩΣΤΑΝΤΙΝΟΣ ΣΩΤΗΡΙΟΥ (99772421)
1
MATCH_C
~~~~~

20:00
ΠΕΤΡΟΣ ΜΙΛΤΙΑΔΟΥΣ (99346919)
2
MATCH
~~~~~

21:00
ΑΧΙΛΛΕΑΣ ΠΛΑΤΑΝΙΣΤΑΣΑ (99609200)
1
CHALLENGE
~~~~~

Report:
-------
Remaining Credits: 867
Array
(
    [batchId] => 1764042
    [status] => ok
    [error] => 
    [credits] => 3
)

================================================================================
[2014-09-04 18:11:48]	SMS Send Report

Recipients:
-----------
Array
(
    [0] => 99239124
)
Message:
--------
04-09-2014

19:00
ΑΧΙΛΛΕΑΣ ΠΛΑΤΑΝΙΣΤΑΣΑ (99609200)
3
MATCH
~~~~~

20:00
ΚΩΣΤΑΝΤΙΝΟΣ ΣΩΤΗΡΙΟΥ (99772421)
1
MATCH_C
~~~~~

20:00
ΠΕΤΡΟΣ ΜΙΛΤΙΑΔΟΥΣ (99346919)
2
MATCH
~~~~~

21:00
ΦΑΡΜΑΚΟΠΟΙΟΣ ΚΩΣΤΑΣ (99694933)
2
MATCH
~~~~~

Report:
-------
Remaining Credits: 864
Array
(
    [batchId] => 1764243
    [status] => ok
    [error] => 
    [credits] => 2
)

================================================================================
[2014-09-04 18:12:20]	SMS Send Report

Recipients:
-----------
Array
(
    [0] => 99239194
)
Message:
--------
04-09-2014

19:00
ΑΧΙΛΛΕΑΣ ΠΛΑΤΑΝΙΣΤΑΣΑ (99609200)
3
MATCH
~~~~~

20:00
ΚΩΣΤΑΝΤΙΝΟΣ ΣΩΤΗΡΙΟΥ (99772421)
1
MATCH_C
~~~~~

20:00
ΠΕΤΡΟΣ ΜΙΛΤΙΑΔΟΥΣ (99346919)
2
MATCH
~~~~~

21:00
ΦΑΡΜΑΚΟΠΟΙΟΣ ΚΩΣΤΑΣ (99694933)
2
MATCH
~~~~~

Report:
-------
Remaining Credits: 862
Array
(
    [batchId] => 1764245
    [status] => ok
    [error] => 
    [credits] => 2
)

================================================================================
[2014-09-05 14:35:31]	SMS Send Report

Recipients:
-----------
Array
(
    [0] => 99239194
)
Message:
--------
05-09-2014

20:00
ΛΑΥΡΕΝΤΗΣ (99478348)
1
MATCH
~~~~~

Report:
-------
Remaining Credits: 860
Array
(
    [batchId] => 1766422
    [status] => ok
    [error] => 
    [credits] => 1
)

================================================================================
[2014-09-08 16:29:29]	SMS Send Report

Recipients:
-----------
Array
(
    [0] => 99239194
)
Message:
--------
08-09-2014

18:00
ΘΕΟΔΩΡΟΣ ΚΑΠΕΔΕΣ (99812930)
3
MATCH
~~~~~

18:30
ΝΙΚΟΛΑΣ (99766575)
1
MATCH
~~~~~

19:00
ΧΑΡΗΣ Φ ΣΤΕΛΙΟΥ (99581944)
2
MATCH
~~~~~

19:00
ΘΕΟΔΩΡΟΣ ΚΑΠΕΔΕΣ (99812930)
3
MATCH
~~~~~

20:00
ΡΕΝΟΣ ΚΟΥΡΕΑΣ (99805060)
1
CHALLENGE
~~~~~

21:00
ΦΑΡΜΑΚΟΠΟΙΟΣ ΚΩΣΤΑΣ (99694933)
1
MATCH
~~~~~

Report:
-------
Remaining Credits: 859
Array
(
    [batchId] => 1770742
    [status] => ok
    [error] => 
    [credits] => 3
)

================================================================================
[2014-09-09 17:48:11]	SMS Send Report

Recipients:
-----------
Array
(
    [0] => 99239194
)
Message:
--------
09-09-2014

18:30
ΘΕΟΔΩΡΟΣ ΚΑΠΕΔΕΣ (99812930)
1
MATCH
~~~~~

19:00
ΠΑΝΑΓΙΩΤΗΣ (99159030)
2
MATCH
~~~~~

19:00
ΑΝΤΡΟΣ ΕΛΗΝΙΚΗ (99582697)
3
MATCH_C
~~~~~

20:00
ΤΣ 54 (99598881)
1
MATCH
~~~~~

20:00
ΧΑΡΗΣ ΧΑΡΑΛΑΜΠΟΥΣ (99465654)
2
MATCH
~~~~~

20:00
ΑΝΤΡΕΑΣ ΜΙΧΑΗΛ (99545900)
3
MATCH
~~~~~

21:00
ΦΑΡΜΑΚΟΠΟΙΟΣ ΚΩΣΤΑΣ (99694933)
1
MATCH
~~~~~

21:00
ΒΙΚΤΩΡΑΣ ΜΙΚΡΟΙ (99194213)
3
CHALLENGE
~~~~~

Report:
-------
Remaining Credits: 856
Array
(
    [batchId] => 1772665
    [status] => ok
    [error] => 
    [credits] => 3
)

================================================================================
[2014-09-09 19:47:44]	SMS Send Report

Recipients:
-----------
Array
(
    [0] => 99239194
)
Message:
--------
09-09-2014

18:30
ΘΕΟΔΩΡΟΣ ΚΑΠΕΔΕΣ (99812930)
1
MATCH
~~~~~

19:00
ΠΑΝΑΓΙΩΤΗΣ (99159030)
2
MATCH
~~~~~

19:00
ΑΝΤΡΟΣ ΕΛΗΝΙΚΗ (99582697)
3
MATCH_C
~~~~~

20:00
ΤΣ 54 (99598881)
1
MATCH
~~~~~

20:00
ΧΑΡΗΣ ΧΑΡΑΛΑΜΠΟΥΣ (99465654)
2
MATCH
~~~~~

20:00
ΑΝΤΡΕΑΣ ΜΙΧΑΗΛ (99545900)
3
MATCH
~~~~~

21:00
ΦΑΡΜΑΚΟΠΟΙΟΣ ΚΩΣΤΑΣ (99694933)
1
MATCH
~~~~~

21:00
ΒΙΚΤΩΡΑΣ ΜΙΚΡΟΙ (99194213)
3
MATCH_C
~~~~~

Report:
-------
Remaining Credits: 853
Array
(
    [batchId] => 1772809
    [status] => ok
    [error] => 
    [credits] => 3
)

================================================================================
[2014-09-10 15:42:45]	SMS Send Report

Recipients:
-----------
Array
(
    [0] => 99239194
)
Message:
--------
10-09-2014

18:00
ΜΑΡΙΟΣ (99908841)
2
MATCH
~~~~~

18:00
ΘΕΟΔΩΡΟΣ ΚΑΠΕΔΕΣ (99812930)
3
MATCH
~~~~~

19:00
ΡΟΛΑΝΔΟΣ (99807273)
1
MATCH
~~~~~

19:00
ΡΟΛΑΝΔΟΣ (99807273)
2
MATCH
~~~~~

19:00
ΘΕΟΔΩΡΟΣ ΚΑΠΕΔΕΣ (99812930)
3
MATCH
~~~~~

20:00
ΓΙΩΡΓΟΣ ΑΝΤΡΕΑ ΠΑΝΑΓΗ (99101081)
1
MATCH
~~~~~

20:00
ΑΝΤΡΕΑΣ ΛΟΙΖΟΥ (99987196)
2
MATCH
~~~~~

Report:
-------
Remaining Credits: 850
Array
(
    [batchId] => 1775433
    [status] => ok
    [error] => 
    [credits] => 3
)

================================================================================
[2014-09-10 16:04:16]	SMS Send Report

Recipients:
-----------
Array
(
    [0] => 99239194
)
Message:
--------
10-09-2014

18:00
ΜΑΡΙΟΣ (99908841)
2
MATCH
~~~~~

18:00
ΘΕΟΔΩΡΟΣ ΚΑΠΕΔΕΣ (99812930)
3
MATCH
~~~~~

19:00
ΡΟΛΑΝΔΟΣ (99807273)
1
MATCH
~~~~~

19:00
ΡΟΛΑΝΔΟΣ (99807273)
2
MATCH
~~~~~

19:00
ΘΕΟΔΩΡΟΣ ΚΑΠΕΔΕΣ (99812930)
3
MATCH
~~~~~

20:00
ΓΙΩΡΓΟΣ ΑΝΤΡΕΑ ΠΑΝΑΓΗ (99101081)
1
MATCH
~~~~~

20:00
ΑΝΤΡΕΑΣ ΛΟΙΖΟΥ (99987196)
2
MATCH
~~~~~

20:00
ΓΙΑΝΝΗΣ (99742888)
3
CHALLENGE
~~~~~

Report:
-------
Remaining Credits: 847
Array
(
    [batchId] => 1775453
    [status] => ok
    [error] => 
    [credits] => 3
)

================================================================================
[2014-09-11 16:24:28]	SMS Send Report

Recipients:
-----------
Array
(
    [0] => 99239194
)
Message:
--------
11-09-2014

19:00
ΑΧΙΛΛΕΑΣ ΠΛΑΤΑΝΙΣΤΑΣΑ (99609200)
1
MATCH
~~~~~

19:00
ΑΛΕΚΟΣ (99417537)
2
MATCH
~~~~~

20:00
ΣΤΕΛΙΟΣ ΝΕΟΣ (99222368)
2
MATCH_C
~~~~~

21:00
ΦΑΡΜΑΚΟΠΟΙΟΣ ΚΩΣΤΑΣ (99694933)
1
CHALLENGE
~~~~~

Report:
-------
Remaining Credits: 844
Array
(
    [batchId] => 1777141
    [status] => ok
    [error] => 
    [credits] => 2
)

================================================================================
[2014-09-12 17:06:38]	SMS Send Report

Recipients:
-----------
Array
(
    [0] => 99239194
)
Message:
--------
12-09-2014

20:00
ΓΙΑΝΝΟΣ ΨΗΛΟΣ (99599822)
3
MATCH_C
~~~~~

20:30
ΛΑΥΡΕΝΤΗΣ (99478348)
1
MATCH
~~~~~

21:00
ΞΕΝΙΟΣ ΓΡΗΓΟΡΙΟΥ (96492687)
2
MATCH
~~~~~

21:00
ΠΑΝΑΓΙΩΤΗΣ (99982481)
3
CHALLENGE
~~~~~

Report:
-------
Remaining Credits: 842
Array
(
    [batchId] => 1780747
    [status] => ok
    [error] => 
    [credits] => 2
)

================================================================================
[2014-09-16 17:51:36]	SMS Send Report

Recipients:
-----------
Array
(
    [0] => 99239194
)
Message:
--------
16-09-2014

19:00
ΑΝΤΡΟΣ ΕΛΗΝΙΚΗ (99582697)
1
MATCH_C
~~~~~

19:00
ΝΙΚΟΛΑΣ ΜΤΝ (99472888)
2
MATCH
~~~~~

19:00
ΑΧΙΛΛΕΑΣ ΠΛΑΤΑΝΙΣΤΑΣΑ (99609200)
3
MATCH
~~~~~

20:00
ΤΣ 54 (99598881)
1
MATCH
~~~~~

21:00
ΦΑΡΜΑΚΟΠΟΙΟΣ ΚΩΣΤΑΣ (99694933)
1
MATCH
~~~~~

Report:
-------
Remaining Credits: 840
Array
(
    [batchId] => 1789473
    [status] => ok
    [error] => 
    [credits] => 2
)

================================================================================
[2014-09-17 15:35:23]	SMS Send Report

Recipients:
-----------
Array
(
    [0] => 99239194
)
Message:
--------
17-09-2014

19:00
ΡΟΛΑΝΔΟΣ (99807273)
1
MATCH
~~~~~

19:00
ΧΑΡΗΣ Φ ΣΤΕΛΙΟΥ (99581944)
2
MATCH
~~~~~

19:00
ΠΑΝΑΓΙΩΤΗΣ (99159030)
3
MATCH
~~~~~

Report:
-------
Remaining Credits: 838
Array
(
    [batchId] => 1790856
    [status] => ok
    [error] => 
    [credits] => 1
)

================================================================================
[2014-09-18 18:17:09]	SMS Send Report

Recipients:
-----------
Array
(
    [0] => 99239194
)
Message:
--------
18-09-2014

19:00
ΑΧΙΛΛΕΑΣ ΠΛΑΤΑΝΙΣΤΑΣΑ (99609200)
1
MATCH
~~~~~

19:00
ΣΤΕΛΙΟΣ (99666334)
2
MATCH_C
~~~~~

20:00
ΚΩΣΤΑΝΤΙΝΟΣ ΣΩΤΗΡΙΟΥ (99772421)
1
MATCH
~~~~~

21:00
ΦΑΡΜΑΚΟΠΟΙΟΣ ΚΩΣΤΑΣ (99694933)
1
MATCH
~~~~~

Report:
-------
Remaining Credits: 837
Array
(
    [batchId] => 1793042
    [status] => ok
    [error] => 
    [credits] => 2
)

================================================================================
[2014-09-19 17:47:40]	SMS Send Report

Recipients:
-----------
Array
(
    [0] => 99239194
)
Message:
--------
19-09-2014

19:00
ΠΑΝΑΓΙΩΤΗΣ (99159030)
1
MATCH
~~~~~

Report:
-------
Remaining Credits: 835
Array
(
    [batchId] => 1794862
    [status] => ok
    [error] => 
    [credits] => 1
)

================================================================================
[2014-09-22 16:38:28]	SMS Send Report

Recipients:
-----------
Array
(
    [0] => 99239194
)
Message:
--------
22-09-2014

19:00
ΧΑΡΗΣ Φ ΣΤΕΛΙΟΥ (99581944)
1
MATCH
~~~~~

19:00
παμποσ (99581101)
2
MATCH
~~~~~

20:00
ΡΕΝΟΣ ΚΟΥΡΕΑΣ (99805060)
1
CHALLENGE
~~~~~

21:00
ΦΑΡΜΑΚΟΠΟΙΟΣ ΚΩΣΤΑΣ (99694933)
1
MATCH
~~~~~

Report:
-------
Remaining Credits: 834
Array
(
    [batchId] => 1799945
    [status] => ok
    [error] => 
    [credits] => 2
)

================================================================================
[2014-09-22 18:59:23]	SMS Send Report

Recipients:
-----------
Array
(
    [0] => 99239194
)
Message:
--------
22-09-2014

19:00
ΧΑΡΗΣ Φ ΣΤΕΛΙΟΥ (99581944)
1
MATCH
~~~~~

19:00
παμποσ (99581101)
2
MATCH
~~~~~

21:00
ΓΙΑΝΝΗΣ (99742888)
2
MATCH
~~~~~

Report:
-------
Remaining Credits: 832
Array
(
    [batchId] => 1800246
    [status] => ok
    [error] => 
    [credits] => 1
)

================================================================================
[2014-09-23 15:04:32]	SMS Send Report

Recipients:
-----------
Array
(
    [0] => 99239194
)
Message:
--------
23-09-2014

19:00
ΡΟΛΑΝΔΟΣ (99807273)
1
MATCH
~~~~~

19:00
ΧΑΡΗΣ ΧΑΡΑΛΑΜΠΟΥΣ (99465654)
2
MATCH
~~~~~

19:00
violaris (99644458)
3
MATCH_C
~~~~~

20:00
ΤΣ 54 (99598881)
1
MATCH
~~~~~

20:00
ΑΝΤΡΕΑΣ ΜΙΧΑΗΛ (99545900)
2
MATCH
~~~~~

20:00
ΠΑΝΑΓΙΩΤΗΣ (99159030)
3
MATCH
~~~~~

21:00
ΦΑΡΜΑΚΟΠΟΙΟΣ ΚΩΣΤΑΣ (99694933)
1
CHALLENGE
~~~~~

Report:
-------
Remaining Credits: 831
Array
(
    [batchId] => 1804397
    [status] => ok
    [error] => 
    [credits] => 3
)

================================================================================
[2014-09-23 16:19:26]	SMS Send Report

Recipients:
-----------
Array
(
    [0] => 99239194
)
Message:
--------
23-09-2014

19:00
ΡΟΛΑΝΔΟΣ (99807273)
1
MATCH
~~~~~

19:00
ΧΑΡΗΣ ΧΑΡΑΛΑΜΠΟΥΣ (99465654)
2
MATCH
~~~~~

19:00
violaris (99644458)
3
MATCH_C
~~~~~

20:00
ΤΣ 54 (99598881)
1
MATCH
~~~~~

20:00
ΑΝΤΡΕΑΣ ΜΙΧΑΗΛ (99545900)
2
MATCH
~~~~~

20:00
ΠΑΝΑΓΙΩΤΗΣ (99159030)
3
MATCH
~~~~~

21:00
ΦΑΡΜΑΚΟΠΟΙΟΣ ΚΩΣΤΑΣ (99694933)
1
MATCH_C
~~~~~

21:00
ΓΙΑΝΝΗΣ (99742888)
2
CHALLENGE
~~~~~

Report:
-------
Remaining Credits: 828
Array
(
    [batchId] => 1804540
    [status] => ok
    [error] => 
    [credits] => 3
)

================================================================================
[2014-09-25 15:10:42]	SMS Send Report

Recipients:
-----------
Array
(
    [0] => 99239194
)
Message:
--------
25-09-2014

18:30
ΑΧΙΛΛΕΑΣ ΠΛΑΤΑΝΙΣΤΑΣΑ (99609200)
1
MATCH
~~~~~

20:00
ΓΙΑΝΝΗΣ ΧΑΡΑΛΑΜΠΟΥΣ (99673990)
1
MATCH
~~~~~

20:30
ΛΑΥΡΕΝΤΗΣ (99478348)
2
MATCH
~~~~~

21:00
ΦΑΡΜΑΚΟΠΟΙΟΣ ΚΩΣΤΑΣ (99694933)
1
MATCH
~~~~~

Report:
-------
Remaining Credits: 825
Array
(
    [batchId] => 1809929
    [status] => ok
    [error] => 
    [credits] => 2
)

================================================================================
[2014-09-27 18:33:54]	SMS Send Report

Recipients:
-----------
Array
(
    [0] => 99239194
)
Message:
--------
27-09-2014

18:00
Sakis (99623338)
1
MATCH
~~~~~

19:00
16 Xaralampos (96520308)
1
MATCH
~~~~~

20:00
16 Xaralampos (96520308)
1
MATCH
~~~~~

Report:
-------
Remaining Credits: 823
Array
(
    [batchId] => 1816796
    [status] => ok
    [error] => 
    [credits] => 1
)

================================================================================
[2014-09-29 16:11:35]	SMS Send Report

Recipients:
-----------
Array
(
    [0] => 99239194
)
Message:
--------
29-09-2014

19:00
ΧΑΡΗΣ Φ ΣΤΕΛΙΟΥ (99581944)
1
MATCH
~~~~~

19:00
ΠΑΝΑΓΙΩΤΗΣ (99159030)
2
MATCH
~~~~~

20:00
ΦΑΡΜΑΚΟΠΟΙΟΣ ΚΩΣΤΑΣ (99694933)
1
MATCH
~~~~~

20:00
ΡΕΝΟΣ ΚΟΥΡΕΑΣ (99805060)
3
CHALLENGE
~~~~~

Report:
-------
Remaining Credits: 822
Array
(
    [batchId] => 1820702
    [status] => ok
    [error] => 
    [credits] => 2
)

================================================================================
[2014-09-29 17:43:23]	SMS Send Report

Recipients:
-----------
Array
(
    [0] => 99239194
)
Message:
--------
29-09-2014

19:00
ΧΑΡΗΣ Φ ΣΤΕΛΙΟΥ (99581944)
1
MATCH
~~~~~

19:00
ΠΑΝΑΓΙΩΤΗΣ (99159030)
2
MATCH
~~~~~

19:00
ΧΡΙΣΤΟΦΟΡΟΣ ΣΑΒΒΑ (99815829)
3
MATCH
~~~~~

20:00
ΦΑΡΜΑΚΟΠΟΙΟΣ ΚΩΣΤΑΣ (99694933)
1
MATCH
~~~~~

20:00
ΣΤΕΛΙΟΣ ΚΟΥΠΗΣ (99763175)
2
CHALLENGE
~~~~~

20:00
ΡΕΝΟΣ ΚΟΥΡΕΑΣ (99805060)
3
CHALLENGE
~~~~~

Report:
-------
Remaining Credits: 820
Array
(
    [batchId] => 1821393
    [status] => ok
    [error] => 
    [credits] => 3
)

================================================================================
[2014-10-01 17:29:36]	SMS Send Report

Recipients:
-----------
Array
(
    [0] => 99239194
)
Message:
--------
01-10-2014

18:00
ΑΝΤΡΕΑΣ ΜΙΧΑΗΛ (99545900)
2
MATCH
~~~~~

18:00
ΑΝΤΡΕΑΣ ΜΙΧΑΗΛ (99545900)
3
MATCH
~~~~~

18:30
ΡΟΛΑΝΔΟΣ (99807273)
1
MATCH
~~~~~

19:00
ΣΤΑΥΡΟΣ(ΔΗΜΗΤΡΗΣ) (96434055)
3
MATCH_C
~~~~~

20:00
ΑΧΙΛΛΕΑΣ ΓΙΑΓΚΟΥ (99376674)
2
MATCH_C
~~~~~

Report:
-------
Remaining Credits: 817
Array
(
    [batchId] => 1825182
    [status] => ok
    [error] => 
    [credits] => 2
)

================================================================================
[2014-10-02 14:34:47]	SMS Send Report

Recipients:
-----------
Array
(
    [0] => 99239184
)
Message:
--------
02-10-2014

18:30
ΑΧΙΛΛΕΑΣ ΠΛΑΤΑΝΙΣΤΑΣΑ (99609200)
1
MATCH
~~~~~

19:00
ΧΑΡΗΣ Φ ΣΤΕΛΙΟΥ (99581944)
2
MATCH
~~~~~

19:00
violaris (99644458)
3
MATCH_C
~~~~~

20:00
ΓΙΑΝΝΗΣ ΧΑΡΑΛΑΜΠΟΥΣ (99673990)
1
MATCH
~~~~~

20:00
ΚΩΣΤΑΝΤΙΝΟΣ ΣΩΤΗΡΙΟΥ (99772421)
2
MATCH
~~~~~

20:00
ΡΟΛΑΝΔΟΣ (99807273)
3
MATCH
~~~~~

21:00
ΦΑΡΜΑΚΟΠΟΙΟΣ ΚΩΣΤΑΣ (99694933)
1
MATCH
~~~~~

21:00
ΓΙΑΝΝΗΣ (99742888)
2
CHALLENGE
~~~~~

Report:
-------
Remaining Credits: 815
Array
(
    [batchId] => 1827664
    [status] => ok
    [error] => 
    [credits] => 3
)

================================================================================
[2014-10-02 15:13:04]	SMS Send Report

Recipients:
-----------
Array
(
    [0] => 99239194
)
Message:
--------
02-10-2014

18:30
ΑΧΙΛΛΕΑΣ ΠΛΑΤΑΝΙΣΤΑΣΑ (99609200)
1
MATCH
~~~~~

19:00
ΧΑΡΗΣ Φ ΣΤΕΛΙΟΥ (99581944)
2
MATCH
~~~~~

19:00
violaris (99644458)
3
MATCH_C
~~~~~

20:00
ΓΙΑΝΝΗΣ ΧΑΡΑΛΑΜΠΟΥΣ (99673990)
1
MATCH
~~~~~

20:00
ΚΩΣΤΑΝΤΙΝΟΣ ΣΩΤΗΡΙΟΥ (99772421)
2
MATCH
~~~~~

20:00
ΡΟΛΑΝΔΟΣ (99807273)
3
MATCH
~~~~~

21:00
ΦΑΡΜΑΚΟΠΟΙΟΣ ΚΩΣΤΑΣ (99694933)
1
MATCH
~~~~~

21:00
ΓΙΑΝΝΗΣ (99742888)
2
CHALLENGE
~~~~~

Report:
-------
Remaining Credits: 812
Array
(
    [batchId] => 1827763
    [status] => ok
    [error] => 
    [credits] => 3
)

================================================================================
[2014-10-02 16:05:53]	SMS Send Report

Recipients:
-----------
Array
(
    [0] => 99239194
)
Message:
--------
02-10-2014

18:30
ΑΧΙΛΛΕΑΣ ΠΛΑΤΑΝΙΣΤΑΣΑ (99609200)
1
MATCH
~~~~~

19:00
ΧΑΡΗΣ Φ ΣΤΕΛΙΟΥ (99581944)
2
MATCH
~~~~~

19:00
ΡΟΛΑΝΔΟΣ (99807273)
3
MATCH
~~~~~

20:00
ΓΙΑΝΝΗΣ ΧΑΡΑΛΑΜΠΟΥΣ (99673990)
1
MATCH
~~~~~

20:00
ΚΩΣΤΑΝΤΙΝΟΣ ΣΩΤΗΡΙΟΥ (99772421)
2
MATCH
~~~~~

20:00
violaris (99644458)
3
CHALLENGE
~~~~~

21:00
ΓΙΑΝΝΗΣ (99742888)
2
CHALLENGE
~~~~~

Report:
-------
Remaining Credits: 809
Array
(
    [batchId] => 1827904
    [status] => ok
    [error] => 
    [credits] => 3
)

================================================================================
[2014-10-06 17:23:18]	SMS Send Report

Recipients:
-----------
Array
(
    [0] => 99239194
)
Message:
--------
06-10-2014

19:00
ΧΑΡΗΣ Φ ΣΤΕΛΙΟΥ (99581944)
1
MATCH
~~~~~

19:00
ΠΑΝΑΓΙΩΤΗΣ (99159030)
2
MATCH
~~~~~

20:00
ΡΕΝΟΣ ΚΟΥΡΕΑΣ (99805060)
1
MATCH_C
~~~~~

Report:
-------
Remaining Credits: 806
Array
(
    [batchId] => 1836099
    [status] => ok
    [error] => 
    [credits] => 2
)

================================================================================
[2014-10-06 17:23:36]	SMS Send Report

Recipients:
-----------
Array
(
    [0] => 99239194
)
Message:
--------
07-10-2014

19:00
ΝΙΚΟΛΑΣ ΜΤΝ (99472888)
1
MATCH
~~~~~

19:00
ΑΝΤΡΕΑΣ ΜΙΧΑΗΛ (99545900)
2
MATCH
~~~~~

19:00
ΑΝΤΡΟΣ ΕΛΗΝΙΚΗ (99582697)
3
CHALLENGE
~~~~~

20:00
ΤΣ 54 (99598881)
1
MATCH
~~~~~

20:00
ΤΟΜΜΥΣ ΑΓΛΑΝΤΖΙΑ (99774322)
3
MATCH
~~~~~

Report:
-------
Remaining Credits: 804
Array
(
    [batchId] => 1836101
    [status] => ok
    [error] => 
    [credits] => 2
)

================================================================================
[2014-10-07 16:50:56]	SMS Send Report

Recipients:
-----------
Array
(
    [0] => 99239194
)
Message:
--------
07-10-2014

19:00
ΝΙΚΟΛΑΣ ΜΤΝ (99472888)
1
MATCH
~~~~~

19:00
ΑΝΤΡΕΑΣ ΜΙΧΑΗΛ (99545900)
2
MATCH
~~~~~

19:00
ΑΝΤΡΟΣ ΕΛΗΝΙΚΗ (99582697)
3
MATCH_C
~~~~~

20:00
ΤΣ 54 (99598881)
1
MATCH
~~~~~

20:00
violaris (99644458)
2
CHALLENGE
~~~~~

20:00
ΤΟΜΜΥΣ ΑΓΛΑΝΤΖΙΑ (99774322)
3
MATCH
~~~~~

Report:
-------
Remaining Credits: 802
Array
(
    [batchId] => 1838642
    [status] => ok
    [error] => 
    [credits] => 3
)

================================================================================
[2014-10-07 17:32:12]	SMS Send Report

Recipients:
-----------
Array
(
    [0] => 99239194
)
Message:
--------
07-10-2014

19:00
ΝΙΚΟΛΑΣ ΜΤΝ (99472888)
1
MATCH
~~~~~

19:00
ΑΝΤΡΕΑΣ ΜΙΧΑΗΛ (99545900)
2
MATCH
~~~~~

19:00
ΑΝΤΡΟΣ ΕΛΗΝΙΚΗ (99582697)
3
MATCH_C
~~~~~

20:00
violaris (99644458)
1
MATCH_C
~~~~~

20:00
ΤΣ 54 (99598881)
2
MATCH
~~~~~

20:00
ΤΟΜΜΥΣ ΑΓΛΑΝΤΖΙΑ (99774322)
3
MATCH
~~~~~

Report:
-------
Remaining Credits: 799
Array
(
    [batchId] => 1838708
    [status] => ok
    [error] => 
    [credits] => 3
)

================================================================================
[2014-10-08 14:59:54]	SMS Send Report

Recipients:
-----------
Array
(
    [0] => 99239194
)
Message:
--------
08-10-2014

18:30
ΡΟΛΑΝΔΟΣ (99807273)
1
MATCH
~~~~~

19:00
ΧΑΡΗΣ Φ ΣΤΕΛΙΟΥ (99581944)
2
MATCH
~~~~~

19:00
ΣΤΕΛΙΟΣ ΚΟΥΠΗΣ (99763175)
3
MATCH_C
~~~~~

20:00
ΣΤΑΥΡΟΣ ΨΙΛΟΣ (99094945)
1
MATCH_C
~~~~~

Report:
-------
Remaining Credits: 796
Array
(
    [batchId] => 1841077
    [status] => ok
    [error] => 
    [credits] => 2
)

================================================================================
[2014-10-09 15:14:42]	SMS Send Report

Recipients:
-----------
Array
(
    [0] => 99239194
)
Message:
--------
09-10-2014

18:00
ΘΟΙ ΣΩΤΗΡΗΣ (99409797)
6
MATCH
~~~~~

19:00
ΠΛΟΥΤΗΣ (99318113)
1
MATCH_C
~~~~~

19:00
ΓΙΑΝΟΣ (99819232)
2
MATCH
~~~~~

20:00
ΓΙΑΝΝΗΣ ΧΑΡΑΛΑΜΠΟΥΣ (99673990)
1
MATCH
~~~~~

20:00
0 ΞΕΝΙΟΣ (99558681)
2
CHALLENGE
~~~~~

21:00
ΦΑΡΜΑΚΟΠΟΙΟΣ ΚΩΣΤΑΣ (99694933)
1
MATCH_C
~~~~~

21:00
ΓΙΑΝΝΗΣ (99742888)
2
MATCH
~~~~~

Report:
-------
Remaining Credits: 794
Array
(
    [batchId] => 1843521
    [status] => ok
    [error] => 
    [credits] => 3
)

================================================================================
[2014-10-09 15:47:25]	SMS Send Report

Recipients:
-----------
Array
(
    [0] => 99239194
)
Message:
--------
09-10-2014

18:00
ΘΟΙ ΣΩΤΗΡΗΣ (99409797)
6
MATCH
~~~~~

19:00
ΠΛΟΥΤΗΣ (99318113)
1
MATCH_C
~~~~~

19:00
ΓΙΑΝΟΣ (99819232)
2
MATCH
~~~~~

20:00
ΓΙΑΝΝΗΣ ΧΑΡΑΛΑΜΠΟΥΣ (99673990)
1
MATCH
~~~~~

20:00
0 ΞΕΝΙΟΣ (99558681)
2
MATCH_C
~~~~~

21:00
ΦΑΡΜΑΚΟΠΟΙΟΣ ΚΩΣΤΑΣ (99694933)
1
MATCH_C
~~~~~

21:00
ΓΙΑΝΝΗΣ (99742888)
2
MATCH
~~~~~

Report:
-------
Remaining Credits: 791
Array
(
    [batchId] => 1843588
    [status] => ok
    [error] => 
    [credits] => 3
)

================================================================================
[2014-10-13 17:28:36]	SMS Send Report

Recipients:
-----------
Array
(
    [0] => 99239194
)
Message:
--------
13-10-2014

18:00
ΘΟΙ ΣΩΤΗΡΗΣ (99409797)
6
MATCH
~~~~~

19:00
ΧΑΡΗΣ Φ ΣΤΕΛΙΟΥ (99581944)
1
MATCH
~~~~~

20:00
Κ ΠΑΥΛΙΔΗΣ (99677853)
1
MATCH
~~~~~

20:00
ΡΕΝΟΣ ΚΟΥΡΕΑΣ (99805060)
3
MATCH_C
~~~~~

Report:
-------
Remaining Credits: 788
Array
(
    [batchId] => 1853360
    [status] => ok
    [error] => 
    [credits] => 2
)

================================================================================
[2014-10-14 18:26:47]	SMS Send Report

Recipients:
-----------
Array
(
    [0] => 99239194
)
Message:
--------
14-10-2014

19:00
ΑΝΤΡΕΑΣ ΜΙΧΑΗΛ (99545900)
1
MATCH
~~~~~

19:00
ΝΙΚΟΛΑΣ ΜΤΝ (99472888)
2
MATCH
~~~~~

19:00
ΤΟΜΜΥΣ ΑΓΛΑΝΤΖΙΑ (99774322)
3
MATCH_C
~~~~~

20:00
ΤΣ 54 (99598881)
1
MATCH
~~~~~

20:00
NEOΣ ΠΑΝΑΓΙΩΤΗΣ ΚΟΥΦΟΓΙΑΝΗΣ (99426907)
2
MATCH
~~~~~

20:00
violaris (99644458)
3
MATCH_C
~~~~~

21:00
ΦΑΡΜΑΚΟΠΟΙΟΣ ΚΩΣΤΑΣ (99694933)
1
MATCH
~~~~~

21:00
ΒΙΚΤΩΡΑΣ ΜΙΚΡΟΙ (99194213)
2
MATCH
~~~~~

Report:
-------
Remaining Credits: 786
Array
(
    [batchId] => 1855872
    [status] => ok
    [error] => 
    [credits] => 3
)

================================================================================
[2014-10-15 14:13:47]	SMS Send Report

Recipients:
-----------
Array
(
    [0] => 99239194
)
Message:
--------
15-10-2014

18:00
ΘΟΙ ΣΩΤΗΡΗΣ (99409797)
6
MATCH
~~~~~

19:00
ΠΑΝΙΚΟΣ (99787490)
1
MATCH
~~~~~

19:00
ΧΑΡΗΣ Φ ΣΤΕΛΙΟΥ (99581944)
2
MATCH
~~~~~

19:00
ΠΛΟΥΤΗΣ (99318113)
3
MATCH_C
~~~~~

Report:
-------
Remaining Credits: 783
Array
(
    [batchId] => 1857506
    [status] => ok
    [error] => 
    [credits] => 2
)

================================================================================
[2014-10-16 13:51:49]	SMS Send Report

Recipients:
-----------
Array
(
    [0] => 99293194
)
Message:
--------
16-10-2014

18:00
ΘΟΙ ΣΩΤΗΡΗΣ (99409797)
6
MATCH
~~~~~

19:00
ΡΟΛΑΝΔΟΣ (99807273)
2
MATCH
~~~~~

19:00
violaris (99644458)
3
MATCH_C
~~~~~

20:00
ΓΙΑΝΝΗΣ ΧΑΡΑΛΑΜΠΟΥΣ (99673990)
1
MATCH
~~~~~

20:00
ΓΙΑΝΟΣ ΚΥΡΙΑΚΟΥ (99576827)
2
CHALLENGE
~~~~~

20:00
ΠΑΝΑΓΙΩΤΗΣ (99159030)
3
MATCH
~~~~~

21:00
ΦΑΡΜΑΚΟΠΟΙΟΣ ΚΩΣΤΑΣ (99694933)
1
MATCH
~~~~~

Report:
-------
Remaining Credits: 781
Array
(
    [batchId] => 1859748
    [status] => ok
    [error] => 
    [credits] => 3
)

================================================================================
[2014-10-16 13:53:04]	SMS Send Report

Recipients:
-----------
Array
(
    [0] => 99293194
)
Message:
--------
16-10-2014

18:00
ΘΟΙ ΣΩΤΗΡΗΣ (99409797)
6
MATCH
~~~~~

19:00
ΡΟΛΑΝΔΟΣ (99807273)
2
MATCH
~~~~~

19:00
violaris (99644458)
3
MATCH_C
~~~~~

20:00
ΓΙΑΝΝΗΣ ΧΑΡΑΛΑΜΠΟΥΣ (99673990)
1
MATCH
~~~~~

20:00
ΓΙΑΝΟΣ ΚΥΡΙΑΚΟΥ (99576827)
2
CHALLENGE
~~~~~

20:00
ΠΑΝΑΓΙΩΤΗΣ (99159030)
3
MATCH
~~~~~

21:00
ΦΑΡΜΑΚΟΠΟΙΟΣ ΚΩΣΤΑΣ (99694933)
1
MATCH
~~~~~

Report:
-------
Remaining Credits: 778
Array
(
    [batchId] => 1859749
    [status] => ok
    [error] => 
    [credits] => 3
)

================================================================================
[2014-10-16 14:05:01]	SMS Send Report

Recipients:
-----------
Array
(
    [0] => 99239194
)
Message:
--------
16-10-2014

18:00
ΘΟΙ ΣΩΤΗΡΗΣ (99409797)
6
MATCH
~~~~~

19:00
ΡΟΛΑΝΔΟΣ (99807273)
2
MATCH
~~~~~

19:00
violaris (99644458)
3
MATCH_C
~~~~~

20:00
ΓΙΑΝΝΗΣ ΧΑΡΑΛΑΜΠΟΥΣ (99673990)
1
MATCH
~~~~~

20:00
ΓΙΑΝΟΣ ΚΥΡΙΑΚΟΥ (99576827)
2
CHALLENGE
~~~~~

20:00
ΠΑΝΑΓΙΩΤΗΣ (99159030)
3
MATCH
~~~~~

Report:
-------
Remaining Credits: 775
Array
(
    [batchId] => 1859770
    [status] => ok
    [error] => 
    [credits] => 3
)

================================================================================
[2014-10-16 14:11:48]	SMS Send Report

Recipients:
-----------
Array
(
    [0] => 99920328
)
Message:
--------
16-10-2014

18:00
ΘΟΙ ΣΩΤΗΡΗΣ (99409797)
6
MATCH
~~~~~

19:00
ΡΟΛΑΝΔΟΣ (99807273)
2
MATCH
~~~~~

19:00
violaris (99644458)
3
MATCH_C
~~~~~

20:00
ΓΙΑΝΝΗΣ ΧΑΡΑΛΑΜΠΟΥΣ (99673990)
1
MATCH
~~~~~

20:00
ΓΙΑΝΟΣ ΚΥΡΙΑΚΟΥ (99576827)
2
CHALLENGE
~~~~~

20:00
ΠΑΝΑΓΙΩΤΗΣ (99159030)
3
MATCH
~~~~~

Report:
-------
Remaining Credits: 772
Array
(
    [batchId] => 1859779
    [status] => ok
    [error] => 
    [credits] => 3
)

================================================================================
[2014-10-17 14:44:29]	SMS Send Report

Recipients:
-----------
Array
(
    [0] => 99239194
)
Message:
--------
17-10-2014

19:00
ΓΙΩΡΓΟΣ (99952611)
2
MATCH_C
~~~~~

20:00
ΦΑΡΜΑΚΟΠΟΙΟΣ ΚΩΣΤΑΣ (99694933)
1
MATCH
~~~~~

20:00
ΧΡΙΣΤΟΣ ΝΕΟΣ (99100543)
3
CHALLENGE
~~~~~

Report:
-------
Remaining Credits: 769
Array
(
    [batchId] => 1862070
    [status] => ok
    [error] => 
    [credits] => 2
)

================================================================================
[2014-10-22 16:01:44]	SMS Send Report

Recipients:
-----------
Array
(
    [0] => 99239194
)
Message:
--------
22-10-2014

18:00
ΘΟΙ ΣΩΤΗΡΗΣ (99409797)
6
MATCH
~~~~~

19:00
ΠΑΝΑΓΙΩΤΗΣ (99159030)
1
MATCH
~~~~~

19:00
ΣΩΚΡΑΤΗΣ ΣΩΚΡΑΟΥΣ (99778502)
2
MATCH
~~~~~

19:00
ΓΙΑΝΟΣ (99819232)
3
MATCH
~~~~~

20:00
ΧΑΡΗΣ Φ ΣΤΕΛΙΟΥ (99581944)
1
MATCH
~~~~~

20:00
ΚΩΣΤΑΝΤΙΝΟΣ ΛΑΔΑΣ (99993703)
2
MATCH
~~~~~

20:00
ΛΑΥΡΕΝΤΗΣ (99478348)
3
MATCH
~~~~~

21:00
ΜΑΡΙΟΣ (99908841)
1
MATCH
~~~~~

21:00
ΓΙΑΝΝΗΣ (99742888)
2
MATCH
~~~~~

Report:
-------
Remaining Credits: 767
Array
(
    [batchId] => 1874682
    [status] => ok
    [error] => 
    [credits] => 3
)

